\BOOKMARK [0][-]{chapter.1}{\376\377\000I\000n\000t\000r\000o\000d\000u\000c\000t\000i\000o\000n}{}% 1
\BOOKMARK [0][-]{chapter.2}{\376\377\000L\000e\000\040\000m\000a\000t\000\351\000r\000i\000e\000l}{}% 2
\BOOKMARK [1][-]{section.2.1}{\376\377\000C\000o\000n\000n\000e\000x\000i\000o\000n\000s\000\040\000e\000x\000t\000e\000r\000n\000e\000s}{chapter.2}% 3
\BOOKMARK [1][-]{section.2.2}{\376\377\000K\000i\000t\000\040\000d\040\031\000a\000c\000c\000e\000s\000s\000o\000i\000r\000e\000s}{chapter.2}% 4
\BOOKMARK [0][-]{chapter.3}{\376\377\000I\000n\000s\000t\000a\000l\000l\000a\000t\000i\000o\000n\000\040\000d\000u\000\040\000l\000o\000g\000i\000c\000i\000e\000l}{}% 5
\BOOKMARK [1][-]{section.3.1}{\376\377\000P\000o\000u\000r\000\040\000t\000o\000u\000t\000e\000\040\000d\000i\000s\000t\000r\000i\000b\000u\000t\000i\000o\000n\000\040\000G\000N\000U\000/\000L\000i\000n\000u\000x\000\240\000:}{chapter.3}% 6
\BOOKMARK [1][-]{section.3.2}{\376\377\000D\000i\000s\000t\000r\000i\000b\000u\000t\000i\000o\000n\000s\000\040\000G\000N\000U\000/\000L\000i\000n\000u\000x\000\040\000D\000e\000b\000i\000a\000n\000\040\000o\000u\000\040\000U\000b\000u\000n\000t\000u}{chapter.3}% 7
\BOOKMARK [1][-]{section.3.3}{\376\377\000L\000e\000\040\000C\000D\000\040\000v\000i\000f\000\040\000e\000x\000p\000E\000Y\000E\000S\000\040\000/\000\040\000L\000a\000\040\000c\000l\000\351\000\040\000U\000S\000B\000\040\000v\000i\000v\000e}{chapter.3}% 8
\BOOKMARK [1][-]{section.3.4}{\376\377\000S\000o\000u\000s\000\040\000M\000S\000W\000i\000n\000d\000o\000w\000s}{chapter.3}% 9
\BOOKMARK [0][-]{chapter.4}{\376\377\000L\000e\000\040\000p\000r\000o\000g\000r\000a\000m\000m\000e\000\040\000g\000r\000a\000p\000h\000i\000q\000u\000e\000\040\000p\000r\000i\000n\000c\000i\000p\000a\000l}{}% 10
\BOOKMARK [0][-]{chapter.5}{\376\377\000S\000e\000\040\000f\000a\000m\000i\000l\000i\000a\000r\000i\000s\000e\000r\000\040\000a\000v\000e\000c\000\040\000E\000x\000p\000E\000Y\000E\000S\0001\0007}{}% 11
\BOOKMARK [0][-]{chapter.6}{\376\377\000E\000x\000p\000\351\000r\000i\000e\000n\000c\000e\000s\000\040\000\253\000\240\000s\000c\000o\000l\000a\000i\000r\000e\000s\000\240\000\273}{}% 12
\BOOKMARK [1][-]{section.6.1}{\376\377\000M\000e\000s\000u\000r\000e\000r\000\040\000u\000n\000e\000\040\000t\000e\000n\000s\000i\000o\000n}{chapter.6}% 13
\BOOKMARK [1][-]{section.6.2}{\376\377\000M\000e\000s\000u\000r\000e\000r\000\040\000u\000n\000e\000\040\000R\000\351\000s\000i\000s\000t\000a\000n\000c\000e}{chapter.6}% 14
\BOOKMARK [1][-]{section.6.3}{\376\377\000M\000e\000s\000u\000r\000e\000r\000\040\000u\000n\000e\000\040\000C\000a\000p\000a\000c\000i\000t\000\351}{chapter.6}% 15
\BOOKMARK [1][-]{section.6.4}{\376\377\000M\000e\000s\000u\000r\000e\000r\000\040\000d\000e\000s\000\040\000r\000\351\000s\000i\000s\000t\000a\000n\000c\000e\000s\000\040\000p\000a\000r\000\040\000c\000o\000m\000p\000a\000r\000a\000i\000s\000o\000n}{chapter.6}% 16
\BOOKMARK [1][-]{section.6.5}{\376\377\000C\000o\000u\000r\000a\000n\000t\000s\000\040\000c\000o\000n\000t\000i\000n\000u\000\040\000e\000t\000\040\000a\000l\000t\000e\000r\000n\000a\000t\000i\000f}{chapter.6}% 17
\BOOKMARK [1][-]{section.6.6}{\376\377\000S\000i\000g\000n\000a\000l\000\040\000d\040\031\000a\000n\000t\000e\000n\000n\000e\000\040\000a\000l\000t\000e\000r\000n\000a\000t\000i\000f\000\040\000d\000\373\000\040\000a\000u\000\040\000s\000e\000c\000t\000e\000u\000r}{chapter.6}% 18
\BOOKMARK [1][-]{section.6.7}{\376\377\000S\000\351\000p\000a\000r\000a\000t\000i\000o\000n\000\040\000d\000e\000s\000\040\000c\000o\000m\000p\000o\000s\000a\000n\000t\000e\000s\000\040\000c\000o\000n\000t\000i\000n\000u\000e\000\040\000e\000t\000\040\000a\000l\000t\000e\000r\000n\000a\000t\000i\000v\000e}{chapter.6}% 19
\BOOKMARK [1][-]{section.6.8}{\376\377\000L\000e\000\040\000c\000o\000r\000p\000s\000\040\000h\000u\000m\000a\000i\000n\000\040\000c\000o\000m\000m\000e\000\040\000c\000o\000n\000d\000u\000c\000t\000e\000u\000r}{chapter.6}% 20
\BOOKMARK [1][-]{section.6.9}{\376\377\000R\000\351\000s\000i\000s\000t\000a\000n\000c\000e\000\040\000\351\000l\000e\000c\000t\000r\000i\000q\000u\000e\000\040\000d\000u\000\040\000c\000o\000r\000p\000s\000\040\000h\000u\000m\000a\000i\000n}{chapter.6}% 21
\BOOKMARK [1][-]{section.6.10}{\376\377\000P\000h\000o\000t\000o\000r\000\351\000s\000i\000s\000t\000a\000n\000c\000e\000s}{chapter.6}% 22
\BOOKMARK [1][-]{section.6.11}{\376\377\000T\000e\000n\000s\000i\000o\000n\000\040\000d\040\031\000u\000n\000e\000\040\000p\000i\000l\000e\000-\000c\000i\000t\000r\000o\000n}{chapter.6}% 23
\BOOKMARK [1][-]{section.6.12}{\376\377\000U\000n\000\040\000g\000\351\000n\000\351\000r\000a\000t\000e\000u\000r\000\040\000a\000l\000t\000e\000r\000n\000a\000t\000i\000f\000\040\000s\000i\000m\000p\000l\000e}{chapter.6}% 24
\BOOKMARK [1][-]{section.6.13}{\376\377\000T\000r\000a\000n\000s\000f\000o\000r\000m\000a\000t\000e\000u\000r\000\040\000d\000e\000\040\000c\000o\000u\000r\000a\000n\000t\000\040\000a\000l\000t\000e\000r\000n\000a\000t\000i\000f}{chapter.6}% 25
\BOOKMARK [1][-]{section.6.14}{\376\377\000R\000\351\000s\000i\000s\000t\000a\000n\000c\000e\000\040\000d\000e\000\040\000l\040\031\000e\000a\000u\000,\000\040\000e\000n\000\040\000c\000o\000u\000r\000a\000n\000t\000\040\000a\000l\000t\000e\000r\000n\000a\000t\000i\000f}{chapter.6}% 26
\BOOKMARK [1][-]{section.6.15}{\376\377\000G\000\351\000n\000\351\000r\000e\000r\000\040\000u\000n\000\040\000s\000o\000n}{chapter.6}% 27
\BOOKMARK [1][-]{section.6.16}{\376\377\000N\000u\000m\000\351\000r\000i\000s\000e\000r\000\040\000u\000n\000\040\000s\000o\000n}{chapter.6}% 28
\BOOKMARK [0][-]{chapter.7}{\376\377\000E\000x\000p\000\351\000r\000i\000e\000n\000c\000e\000s\000\040\000d\040\031\000\351\000l\000e\000c\000t\000r\000o\000n\000i\000q\000u\000e}{}% 29
\BOOKMARK [1][-]{section.7.1}{\376\377\000R\000e\000d\000r\000e\000s\000s\000e\000m\000e\000n\000t\000\040\000d\000e\000m\000i\000-\000o\000n\000d\000e\000\040\000\340\000\040\000l\040\031\000a\000i\000d\000e\000\040\000d\040\031\000u\000n\000e\000\040\000j\000o\000n\000c\000t\000i\000o\000n\000\040\000P\000N}{chapter.7}% 30
\BOOKMARK [1][-]{section.7.2}{\376\377\000R\000e\000d\000r\000e\000s\000s\000e\000m\000e\000n\000t\000\040\000d\000o\000u\000b\000l\000e\000\040\000a\000l\000t\000e\000r\000n\000a\000n\000c\000e\000\040\000a\000v\000e\000c\000\040\000d\000e\000s\000\040\000j\000o\000n\000c\000t\000i\000o\000n\000s\000\040\000P\000N}{chapter.7}% 31
\BOOKMARK [1][-]{section.7.3}{\376\377\000\311\000c\000r\000\352\000t\000a\000g\000e\000\040\000\340\000\040\000l\040\031\000a\000i\000d\000e\000\040\000d\040\031\000u\000n\000e\000\040\000d\000i\000o\000d\000e\000\040\000\340\000\040\000j\000o\000n\000c\000t\000i\000o\000n\000\040\000P\000N}{chapter.7}% 32
\BOOKMARK [1][-]{section.7.4}{\376\377\000D\000\351\000c\000a\000l\000a\000g\000e\000\040\000\340\000\040\000l\040\031\000a\000i\000d\000e\000\040\000d\040\031\000u\000n\000\040\000d\000i\000o\000d\000e\000\040\000\340\000\040\000j\000o\000n\000c\000t\000i\000o\000n\000\040\000P\000N}{chapter.7}% 33
\BOOKMARK [1][-]{section.7.5}{\376\377\000O\000s\000c\000i\000l\000l\000a\000t\000e\000u\000r\000\040\000\340\000\040\000I\000C\0005\0005\0005}{chapter.7}% 34
\BOOKMARK [1][-]{section.7.6}{\376\377\000A\000m\000p\000l\000i\000f\000i\000c\000a\000t\000e\000u\000r\000\040\000i\000n\000v\000e\000r\000s\000e\000u\000r}{chapter.7}% 35
\BOOKMARK [1][-]{section.7.7}{\376\377\000A\000m\000p\000l\000i\000f\000i\000c\000a\000t\000e\000u\000r\000\040\000n\000o\000n\000-\000i\000n\000v\000e\000r\000s\000e\000u\000r}{chapter.7}% 36
\BOOKMARK [1][-]{section.7.8}{\376\377\000I\000n\000t\000\351\000g\000r\000a\000t\000e\000u\000r\000\040\000\340\000\040\000a\000m\000p\000l\000i\000-\000o\000p}{chapter.7}% 37
\BOOKMARK [1][-]{section.7.9}{\376\377\000P\000o\000r\000t\000e\000s\000\040\000l\000o\000g\000i\000q\000u\000e\000s}{chapter.7}% 38
\BOOKMARK [1][-]{section.7.10}{\376\377\000D\000i\000v\000i\000s\000e\000u\000r\000\040\000d\040\031\000h\000o\000r\000l\000o\000g\000e}{chapter.7}% 39
\BOOKMARK [1][-]{section.7.11}{\376\377\000C\000a\000r\000a\000c\000t\000\351\000r\000i\000s\000t\000i\000q\000u\000e\000\040\000U\000-\000I\000\040\000d\040\031\000u\000n\000e\000\040\000d\000i\000o\000d\000e}{chapter.7}% 40
\BOOKMARK [1][-]{section.7.12}{\376\377\000C\000a\000r\000a\000c\000t\000\351\000r\000i\000s\000t\000i\000q\000u\000e\000\040\000d\000e\000\040\000l\000a\000\040\000s\000o\000r\000t\000i\000e\000\040\000\050\000C\000E\000\051\000\040\000d\040\031\000u\000n\000\040\000t\000r\000a\000n\000s\000i\000s\000t\000o\000r}{chapter.7}% 41
\BOOKMARK [1][-]{section.7.13}{\376\377\000T\000r\000a\000n\000s\000m\000i\000s\000s\000i\000o\000n\000\040\000d\040\031\000u\000n\000\040\000s\000i\000g\000n\000a\000l\000\040\000O\000p\000t\000o\000-\000\351\000l\000e\000c\000t\000r\000i\000q\000u\000e}{chapter.7}% 42
\BOOKMARK [0][-]{chapter.8}{\376\377\000E\000x\000p\000\351\000r\000i\000e\000n\000c\000e\000s\000\040\000d\040\031\000\351\000l\000e\000c\000t\000r\000i\000c\000i\000t\000\351}{}% 43
\BOOKMARK [1][-]{section.8.1}{\376\377\000C\000i\000r\000c\000u\000i\000t\000s\000\040\000R\000L\000C\000,\000\040\000r\000\351\000p\000o\000n\000s\000e\000\040\000e\000n\000\040\000r\000\351\000g\000i\000m\000e\000\040\000s\000t\000a\000t\000i\000o\000n\000n\000a\000i\000r\000e}{chapter.8}% 44
\BOOKMARK [1][-]{section.8.2}{\376\377\000R\000\351\000p\000o\000n\000s\000e\000\040\000d\000e\000\040\000c\000i\000r\000c\000u\000i\000t\000s\000\040\000R\000C\000\040\000e\000n\000\040\000r\000\351\000g\000i\000m\000e\000\040\000t\000r\000a\000n\000s\000i\000t\000o\000i\000r\000e}{chapter.8}% 45
\BOOKMARK [1][-]{section.8.3}{\376\377\000R\000\351\000p\000o\000n\000s\000e\000\040\000t\000r\000a\000n\000s\000i\000t\000o\000i\000r\000e\000\040\000d\000e\000\040\000c\000i\000r\000c\000u\000i\000t\000s\000\040\000R\000L}{chapter.8}% 46
\BOOKMARK [1][-]{section.8.4}{\376\377\000R\000\351\000p\000o\000n\000s\000e\000\040\000t\000r\000a\000n\000s\000i\000t\000o\000i\000r\000e\000\040\000d\000e\000\040\000c\000i\000r\000c\000u\000i\000t\000\040\000R\000L\000C}{chapter.8}% 47
\BOOKMARK [1][-]{section.8.5}{\376\377\000D\000i\000f\000f\000\351\000r\000e\000n\000c\000i\000a\000t\000i\000o\000n\000\040\000e\000t\000\040\000i\000n\000t\000\351\000g\000r\000a\000t\000i\000o\000n\000\040\000R\000C}{chapter.8}% 48
\BOOKMARK [1][-]{section.8.6}{\376\377\000A\000n\000a\000l\000y\000s\000e\000\040\000d\000e\000\040\000F\000o\000u\000r\000i\000e\000r}{chapter.8}% 49
\BOOKMARK [1][-]{section.8.7}{\376\377\000I\000n\000d\000u\000c\000t\000i\000o\000n\000\040\000\351\000l\000e\000c\000t\000r\000o\000m\000a\000g\000n\000\351\000t\000i\000q\000u\000e}{chapter.8}% 50
\BOOKMARK [0][-]{chapter.9}{\376\377\000E\000x\000p\000\351\000r\000i\000e\000n\000c\000e\000s\000\040\000s\000u\000r\000\040\000l\000e\000\040\000s\000o\000n}{}% 51
\BOOKMARK [1][-]{section.9.1}{\376\377\000R\000\351\000p\000o\000n\000s\000e\000\040\000e\000n\000\040\000f\000r\000\351\000q\000u\000e\000n\000c\000e\000\040\000d\040\031\000u\000n\000\040\000p\000i\000\351\000z\000o}{chapter.9}% 52
\BOOKMARK [1][-]{section.9.2}{\376\377\000V\000i\000t\000e\000s\000s\000e\000\040\000d\000u\000\040\000s\000o\000n}{chapter.9}% 53
\BOOKMARK [1][-]{section.9.3}{\376\377\000B\000a\000t\000t\000e\000m\000e\000n\000t\000s\000\040\000s\000o\000n\000o\000r\000e\000s}{chapter.9}% 54
\BOOKMARK [0][-]{chapter.10}{\376\377\000E\000x\000p\000\351\000r\000i\000e\000n\000c\000e\000s\000\040\000d\000e\000\040\000m\000\351\000c\000a\000n\000i\000q\000u\000e}{}% 55
\BOOKMARK [1][-]{section.10.1}{\376\377\000A\000c\000c\000\351\000l\000\351\000r\000a\000t\000i\000o\000n\000\040\000d\000e\000\040\000l\000a\000\040\000p\000e\000s\000a\000n\000t\000e\000u\000r\000\040\000\340\000\040\000l\040\031\000a\000i\000d\000e\000\040\000d\040\031\000u\000n\000\040\000p\000e\000n\000d\000u\000l\000e\000\040\000p\000e\000s\000a\000n\000t}{chapter.10}% 56
\BOOKMARK [1][-]{section.10.2}{\376\377\000V\000i\000t\000e\000s\000s\000e\000\040\000a\000n\000g\000u\000l\000a\000i\000r\000e\000\040\000d\040\031\000u\000n\000\040\000p\000e\000n\000d\000u\000l\000e}{chapter.10}% 57
\BOOKMARK [1][-]{section.10.3}{\376\377\000R\000\351\000s\000o\000n\000a\000n\000c\000e\000\040\000d\040\031\000u\000n\000\040\000p\000e\000n\000d\000u\000l\000e\000\040\000f\000o\000r\000c\000\351}{chapter.10}% 58
\BOOKMARK [1][-]{section.10.4}{\376\377\000M\000e\000s\000u\000r\000e\000\040\000d\000e\000\040\000d\000i\000s\000t\000a\000n\000c\000e\000,\000\040\000p\000a\000r\000\040\000\351\000c\000h\000o\000\040\000u\000l\000t\000r\000a\000s\000o\000n\000o\000r\000e}{chapter.10}% 59
\BOOKMARK [1][-]{section.10.5}{\376\377\000M\000e\000s\000u\000r\000e\000\040\000d\000e\000\040\000t\000e\000m\000p\000\351\000r\000a\000t\000u\000r\000e\000\040\000\340\000\040\000l\040\031\000a\000i\000d\000e\000\040\000d\040\031\000u\000n\000e\000\040\000s\000o\000n\000d\000e\000\040\000P\000T\0001\0000\0000}{chapter.10}% 60
\BOOKMARK [0][-]{chapter.11}{\376\377\000C\000o\000d\000e\000r\000\040\000e\000n\000\040\000P\000y\000t\000h\000o\000n\000\040\000p\000o\000u\000r\000\040\000e\000x\000p\000E\000Y\000E\000S\000-\0001\0007}{}% 61
\BOOKMARK [1][-]{section.11.1}{\376\377\000\311\000t\000a\000b\000l\000i\000r\000\040\000l\000a\000\040\000C\000o\000n\000n\000e\000x\000i\000o\000n}{chapter.11}% 62
\BOOKMARK [1][-]{section.11.2}{\376\377\000s\000e\000t\000\137\000p\000v\0001\000\050\000v\000\051\000,\000\040\000s\000e\000t\000\137\000p\000v\0002\000\050\000v\000\051}{chapter.11}% 63
\BOOKMARK [1][-]{section.11.3}{\376\377\000g\000e\000t\000\137\000v\000o\000l\000t\000a\000g\000e\000\050\000e\000n\000t\000r\000e\000e\000\051}{chapter.11}% 64
\BOOKMARK [1][-]{section.11.4}{\376\377\000g\000e\000t\000\137\000v\000o\000l\000t\000a\000g\000e\000\137\000t\000i\000m\000e\000\050\000e\000n\000t\000r\000e\000e\000\051}{chapter.11}% 65
\BOOKMARK [1][-]{section.11.5}{\376\377\000g\000e\000t\000\137\000r\000e\000s\000i\000s\000t\000a\000n\000c\000e\000\050\000\051}{chapter.11}% 66
\BOOKMARK [1][-]{section.11.6}{\376\377\000g\000e\000t\000\137\000c\000a\000p\000a\000c\000i\000t\000a\000n\000c\000e\000\050\000\051}{chapter.11}% 67
\BOOKMARK [1][-]{section.11.7}{\376\377\000g\000e\000t\000\137\000v\000e\000r\000s\000i\000o\000n\000\050\000\051}{chapter.11}% 68
\BOOKMARK [1][-]{section.11.8}{\376\377\000g\000e\000t\000\137\000t\000e\000m\000p\000e\000r\000a\000t\000u\000r\000e\000\050\000\051}{chapter.11}% 69
\BOOKMARK [1][-]{section.11.9}{\376\377\000s\000e\000t\000\137\000s\000t\000a\000t\000e\000\050\000S\000O\000R\000T\000I\000E\000=\000v\000a\000l\000e\000u\000r\000\051}{chapter.11}% 70
\BOOKMARK [1][-]{section.11.10}{\376\377\000s\000e\000t\000\137\000s\000i\000n\000e\000\050\000f\000e\000q\000u\000e\000n\000c\000e\000\051}{chapter.11}% 71
\BOOKMARK [1][-]{section.11.11}{\376\377\000s\000e\000t\000\137\000s\000i\000n\000e\000\137\000a\000m\000p\000\050\000a\000m\000p\000l\000i\000t\000u\000d\000e\000\051}{chapter.11}% 72
\BOOKMARK [1][-]{section.11.12}{\376\377\000s\000e\000t\000\137\000s\000q\000r\0001\000\050\000f\000r\000e\000q\000u\000e\000n\000c\000e\000\051}{chapter.11}% 73
\BOOKMARK [1][-]{section.11.13}{\376\377\000s\000e\000t\000\137\000s\000q\000r\0001\000\137\000s\000l\000o\000w\000\050\000f\000r\000e\000q\000u\000e\000n\000c\000e\000\051}{chapter.11}% 74
\BOOKMARK [1][-]{section.11.14}{\376\377\000s\000e\000t\000\137\000s\000q\000r\0002\000\050\000f\000r\000e\000q\000u\000e\000n\000c\000e\000\051}{chapter.11}% 75
\BOOKMARK [1][-]{section.11.15}{\376\377\000s\000e\000t\000\137\000s\000q\000r\0001\000\050\000f\000r\000e\000q\000u\000e\000n\000c\000e\000,\000\040\000r\000a\000p\000p\000o\000r\000t\000C\000y\000c\000l\000i\000q\000u\000e\000\051}{chapter.11}% 76
\BOOKMARK [1][-]{section.11.16}{\376\377\000g\000e\000t\000\137\000f\000r\000e\000q\000\050\000e\000n\000t\000r\000e\000e\000\051}{chapter.11}% 77
\BOOKMARK [1][-]{section.11.17}{\376\377\000d\000u\000t\000y\000\137\000c\000y\000c\000l\000e\000\050\000e\000n\000t\000r\000e\000e\000\051}{chapter.11}% 78
\BOOKMARK [1][-]{section.11.18}{\376\377\000r\0002\000f\000t\000i\000m\000e\000\050\000e\000n\000t\000r\000e\000e\0001\000,\000\040\000e\000n\000t\000r\000e\000e\0002\000\051}{chapter.11}% 79
\BOOKMARK [1][-]{section.11.19}{\376\377\000m\000u\000l\000t\000i\000\137\000r\0002\000r\000t\000i\000m\000e\000\050\000e\000n\000t\000r\000e\000e\000,\000\040\000n\000b\000C\000y\000c\000l\000e\000s\000\051}{chapter.11}% 80
\BOOKMARK [1][-]{section.11.20}{\376\377\000s\000e\000l\000e\000c\000t\000\137\000r\000a\000n\000g\000e\000\050\000c\000a\000n\000a\000l\000,\000\040\000c\000a\000l\000i\000b\000r\000e\000\051}{chapter.11}% 81
\BOOKMARK [1][-]{section.11.21}{\376\377\000c\000a\000p\000t\000u\000r\000e\0001\000\050\000e\000n\000t\000r\000e\000e\000,\000\040\000n\000b\000E\000c\000h\000a\000n\000t\000i\000l\000l\000o\000n\000s\000,\000\040\000i\000n\000t\000e\000r\000v\000a\000l\000l\000e\000T\000e\000m\000p\000s\000\051}{chapter.11}% 82
\BOOKMARK [1][-]{section.11.22}{\376\377\000c\000a\000p\000t\000u\000r\000e\0002\000\050\000n\000b\000E\000c\000h\000a\000n\000t\000i\000l\000l\000o\000n\000s\000,\000\040\000i\000n\000t\000e\000r\000v\000a\000l\000l\000e\000T\000e\000m\000p\000s\000\051}{chapter.11}% 83
\BOOKMARK [1][-]{section.11.23}{\376\377\000c\000a\000p\000t\000u\000r\000e\0004\000\050\000n\000b\000E\000c\000h\000a\000n\000t\000i\000l\000l\000o\000n\000s\000,\000\040\000i\000n\000t\000e\000r\000v\000a\000l\000l\000e\000T\000e\000m\000p\000s\000\051}{chapter.11}% 84
\BOOKMARK [1][-]{section.11.24}{\376\377\000s\000e\000t\000\137\000w\000a\000v\000e\000\050\000f\000r\000e\000q\000u\000e\000n\000c\000e\000,\000\040\000t\000y\000p\000e\000D\000e\000S\000i\000g\000n\000a\000l\000\051}{chapter.11}% 85
\BOOKMARK [1][-]{section.11.25}{\376\377\000l\000o\000a\000d\000\137\000e\000q\000u\000a\000t\000i\000o\000n\000\050\000f\000o\000n\000c\000t\000i\000o\000n\000,\000\040\000i\000n\000t\000e\000r\000v\000a\000l\000l\000e\000\051}{chapter.11}% 86
\BOOKMARK [1][-]{section.11.26}{\376\377\000l\000o\000a\000d\000\137\000t\000a\000b\000l\000e\000\050\000t\000a\000b\000l\000e\000\051}{chapter.11}% 87
