This is pdfTeX, Version 3.14159265-2.6-1.40.19 (TeX Live 2018/Debian) (preloaded format=pdflatex 2018.7.1)  9 JUL 2018 18:40
entering extended mode
 restricted \write18 enabled.
 %&-line parsing enabled.
**eyes17.tex
(./eyes17.tex
LaTeX2e <2018-04-01> patch level 4
Babel <3.20> and hyphenation patterns for 84 language(s) loaded.
(./sphinxmanual.cls
Document Class: sphinxmanual 2017/03/26 v1.6 Document class (Sphinx manual)
(/usr/share/texlive/texmf-dist/tex/latex/base/report.cls
Document Class: report 2014/09/29 v1.4h Standard LaTeX document class
(/usr/share/texlive/texmf-dist/tex/latex/base/size12.clo
File: size12.clo 2014/09/29 v1.4h Standard LaTeX file (size option)
)
\c@part=\count80
\c@chapter=\count81
\c@section=\count82
\c@subsection=\count83
\c@subsubsection=\count84
\c@paragraph=\count85
\c@subparagraph=\count86
\c@figure=\count87
\c@table=\count88
\abovecaptionskip=\skip41
\belowcaptionskip=\skip42
\bibindent=\dimen102
))
(/usr/share/texlive/texmf-dist/tex/latex/base/inputenc.sty
Package: inputenc 2018/04/06 v1.3b Input encoding file
\inpenc@prehook=\toks14
\inpenc@posthook=\toks15
)
   defining Unicode char U+00A0 (decimal 160)
   defining Unicode char U+2500 (decimal 9472)
   defining Unicode char U+2502 (decimal 9474)
   defining Unicode char U+2514 (decimal 9492)
   defining Unicode char U+251C (decimal 9500)
   defining Unicode char U+2572 (decimal 9586)

(/usr/share/texlive/texmf-dist/tex/latex/cmap/cmap.sty
Package: cmap 2008/03/06 v1.0h CMap support: searchable PDF
)
(/usr/share/texlive/texmf-dist/tex/latex/base/fontenc.sty
Package: fontenc 2017/04/05 v2.0i Standard LaTeX package

(/usr/share/texlive/texmf-dist/tex/latex/base/t1enc.def
File: t1enc.def 2017/04/05 v2.0i Standard LaTeX file
LaTeX Font Info:    Redeclaring font encoding T1 on input line 48.
)<<t1.cmap>>)
(/usr/share/texlive/texmf-dist/tex/latex/amsmath/amsmath.sty
Package: amsmath 2017/09/02 v2.17a AMS math features
\@mathmargin=\skip43

For additional information on amsmath, use the `?' option.
(/usr/share/texlive/texmf-dist/tex/latex/amsmath/amstext.sty
Package: amstext 2000/06/29 v2.01 AMS text

(/usr/share/texlive/texmf-dist/tex/latex/amsmath/amsgen.sty
File: amsgen.sty 1999/11/30 v2.0 generic functions
\@emptytoks=\toks16
\ex@=\dimen103
))
(/usr/share/texlive/texmf-dist/tex/latex/amsmath/amsbsy.sty
Package: amsbsy 1999/11/29 v1.2d Bold Symbols
\pmbraise@=\dimen104
)
(/usr/share/texlive/texmf-dist/tex/latex/amsmath/amsopn.sty
Package: amsopn 2016/03/08 v2.02 operator names
)
\inf@bad=\count89
LaTeX Info: Redefining \frac on input line 213.
\uproot@=\count90
\leftroot@=\count91
LaTeX Info: Redefining \overline on input line 375.
\classnum@=\count92
\DOTSCASE@=\count93
LaTeX Info: Redefining \ldots on input line 472.
LaTeX Info: Redefining \dots on input line 475.
LaTeX Info: Redefining \cdots on input line 596.
\Mathstrutbox@=\box26
\strutbox@=\box27
\big@size=\dimen105
LaTeX Font Info:    Redeclaring font encoding OML on input line 712.
LaTeX Font Info:    Redeclaring font encoding OMS on input line 713.
\macc@depth=\count94
\c@MaxMatrixCols=\count95
\dotsspace@=\muskip10
\c@parentequation=\count96
\dspbrk@lvl=\count97
\tag@help=\toks17
\row@=\count98
\column@=\count99
\maxfields@=\count100
\andhelp@=\toks18
\eqnshift@=\dimen106
\alignsep@=\dimen107
\tagshift@=\dimen108
\tagwidth@=\dimen109
\totwidth@=\dimen110
\lineht@=\dimen111
\@envbody=\toks19
\multlinegap=\skip44
\multlinetaggap=\skip45
\mathdisplay@stack=\toks20
LaTeX Info: Redefining \[ on input line 2817.
LaTeX Info: Redefining \] on input line 2818.
)
(/usr/share/texlive/texmf-dist/tex/latex/amsfonts/amssymb.sty
Package: amssymb 2013/01/14 v3.01 AMS font symbols

(/usr/share/texlive/texmf-dist/tex/latex/amsfonts/amsfonts.sty
Package: amsfonts 2013/01/14 v3.01 Basic AMSFonts support
\symAMSa=\mathgroup4
\symAMSb=\mathgroup5
LaTeX Font Info:    Overwriting math alphabet `\mathfrak' in version `bold'
(Font)                  U/euf/m/n --> U/euf/b/n on input line 106.
))
(/usr/share/texlive/texmf-dist/tex/generic/babel/babel.sty
Package: babel 2018/05/02 3.20 The Babel package

(/usr/share/texlive/texmf-dist/tex/generic/babel/switch.def
File: switch.def 2018/05/02 3.20 Babel switching mechanism
)
(/usr/share/texlive/texmf-dist/tex/generic/babel-french/french.ldf
Language: french 2018/04/12 v3.4d French support from the babel system

(/usr/share/texlive/texmf-dist/tex/generic/babel/babel.def
File: babel.def 2018/05/02 3.20 Babel common definitions
\babel@savecnt=\count101
\U@D=\dimen112

(/usr/share/texlive/texmf-dist/tex/generic/babel/txtbabel.def)
\bbl@dirlevel=\count102
)
\l@acadian = a dialect from \language\l@french 
\FB@nonchar=\count103
Package babel Info: Making : an active character on input line 415.
Package babel Info: Making ; an active character on input line 416.
Package babel Info: Making ! an active character on input line 417.
Package babel Info: Making ? an active character on input line 418.
\FBguill@level=\count104
\FB@everypar=\toks21
\FB@Mht=\dimen113
\mc@charclass=\count105
\mc@charfam=\count106
\mc@charslot=\count107
\std@mcc=\count108
\dec@mcc=\count109
\c@FBcaption@count=\count110
\listindentFB=\skip46
\descindentFB=\skip47
\labelwidthFB=\skip48
\leftmarginFB=\skip49
\parindentFFN=\dimen114
\FBfnindent=\skip50
))
(/usr/share/texlive/texmf-dist/tex/latex/carlisle/scalefnt.sty)
(/usr/share/texlive/texmf-dist/tex/latex/graphics/keyval.sty
Package: keyval 2014/10/28 v1.15 key=value parser (DPC)
\KV@toks@=\toks22
)
(/usr/share/texlive/texmf-dist/tex/latex/psnfss/times.sty
Package: times 2005/04/12 PSNFSS-v9.2a (SPQR) 
)
(/usr/share/texlive/texmf-dist/tex/latex/fncychap/fncychap.sty
Package: fncychap 2007/07/30 v1.34 LaTeX package (Revised chapters)
\RW=\skip51
\mylen=\skip52
\myhi=\skip53
\px=\skip54
\py=\skip55
\pyy=\skip56
\pxx=\skip57
) (./sphinx.sty
Package: sphinx 2018/03/11 v1.7.2 LaTeX package (Sphinx markup)

(/usr/share/texlive/texmf-dist/tex/generic/oberdiek/ltxcmds.sty
Package: ltxcmds 2016/05/16 v1.23 LaTeX kernel commands for general use (HO)
)
(/usr/share/texlive/texmf-dist/tex/latex/graphics/graphicx.sty
Package: graphicx 2017/06/01 v1.1a Enhanced LaTeX Graphics (DPC,SPQR)

(/usr/share/texlive/texmf-dist/tex/latex/graphics/graphics.sty
Package: graphics 2017/06/25 v1.2c Standard LaTeX Graphics (DPC,SPQR)

(/usr/share/texlive/texmf-dist/tex/latex/graphics/trig.sty
Package: trig 2016/01/03 v1.10 sin cos tan (DPC)
)
(/usr/share/texlive/texmf-dist/tex/latex/graphics-cfg/graphics.cfg
File: graphics.cfg 2016/06/04 v1.11 sample graphics configuration
)
Package graphics Info: Driver file: pdftex.def on input line 99.

(/usr/share/texlive/texmf-dist/tex/latex/graphics-def/pdftex.def
File: pdftex.def 2018/01/08 v1.0l Graphics/color driver for pdftex
))
\Gin@req@height=\dimen115
\Gin@req@width=\dimen116
)
(/usr/share/texlive/texmf-dist/tex/latex/fancyhdr/fancyhdr.sty
Package: fancyhdr 2017/06/30 v3.9a Extensive control of page headers and footer
s
\f@nch@headwidth=\skip58
\f@nch@O@elh=\skip59
\f@nch@O@erh=\skip60
\f@nch@O@olh=\skip61
\f@nch@O@orh=\skip62
\f@nch@O@elf=\skip63
\f@nch@O@erf=\skip64
\f@nch@O@olf=\skip65
\f@nch@O@orf=\skip66
)
(/usr/share/texlive/texmf-dist/tex/latex/base/textcomp.sty
Package: textcomp 2017/04/05 v2.0i Standard LaTeX package
Package textcomp Info: Sub-encoding information:
(textcomp)               5 = only ISO-Adobe without \textcurrency
(textcomp)               4 = 5 + \texteuro
(textcomp)               3 = 4 + \textohm
(textcomp)               2 = 3 + \textestimated + \textcurrency
(textcomp)               1 = TS1 - \textcircled - \t
(textcomp)               0 = TS1 (full)
(textcomp)             Font families with sub-encoding setting implement
(textcomp)             only a restricted character set as indicated.
(textcomp)             Family '?' is the default used for unknown fonts.
(textcomp)             See the documentation for details.
Package textcomp Info: Setting ? sub-encoding to TS1/1 on input line 79.

(/usr/share/texlive/texmf-dist/tex/latex/base/ts1enc.def
File: ts1enc.def 2001/06/05 v3.0e (jk/car/fm) Standard LaTeX file
Now handling font encoding TS1 ...
... processing UTF-8 mapping file for font encoding TS1

(/usr/share/texlive/texmf-dist/tex/latex/base/ts1enc.dfu
File: ts1enc.dfu 2018/04/05 v1.2c UTF-8 support for inputenc
   defining Unicode char U+00A2 (decimal 162)
   defining Unicode char U+00A3 (decimal 163)
   defining Unicode char U+00A4 (decimal 164)
   defining Unicode char U+00A5 (decimal 165)
   defining Unicode char U+00A6 (decimal 166)
   defining Unicode char U+00A7 (decimal 167)
   defining Unicode char U+00A8 (decimal 168)
   defining Unicode char U+00A9 (decimal 169)
   defining Unicode char U+00AA (decimal 170)
   defining Unicode char U+00AC (decimal 172)
   defining Unicode char U+00AE (decimal 174)
   defining Unicode char U+00AF (decimal 175)
   defining Unicode char U+00B0 (decimal 176)
   defining Unicode char U+00B1 (decimal 177)
   defining Unicode char U+00B2 (decimal 178)
   defining Unicode char U+00B3 (decimal 179)
   defining Unicode char U+00B4 (decimal 180)
   defining Unicode char U+00B5 (decimal 181)
   defining Unicode char U+00B6 (decimal 182)
   defining Unicode char U+00B7 (decimal 183)
   defining Unicode char U+00B9 (decimal 185)
   defining Unicode char U+00BA (decimal 186)
   defining Unicode char U+00BC (decimal 188)
   defining Unicode char U+00BD (decimal 189)
   defining Unicode char U+00BE (decimal 190)
   defining Unicode char U+00D7 (decimal 215)
   defining Unicode char U+00F7 (decimal 247)
   defining Unicode char U+0192 (decimal 402)
   defining Unicode char U+02C7 (decimal 711)
   defining Unicode char U+02D8 (decimal 728)
   defining Unicode char U+02DD (decimal 733)
   defining Unicode char U+0E3F (decimal 3647)
   defining Unicode char U+2016 (decimal 8214)
   defining Unicode char U+2020 (decimal 8224)
   defining Unicode char U+2021 (decimal 8225)
   defining Unicode char U+2022 (decimal 8226)
   defining Unicode char U+2030 (decimal 8240)
   defining Unicode char U+2031 (decimal 8241)
   defining Unicode char U+203B (decimal 8251)
   defining Unicode char U+203D (decimal 8253)
   defining Unicode char U+2044 (decimal 8260)
   defining Unicode char U+204E (decimal 8270)
   defining Unicode char U+2052 (decimal 8274)
   defining Unicode char U+20A1 (decimal 8353)
   defining Unicode char U+20A4 (decimal 8356)
   defining Unicode char U+20A6 (decimal 8358)
   defining Unicode char U+20A9 (decimal 8361)
   defining Unicode char U+20AB (decimal 8363)
   defining Unicode char U+20AC (decimal 8364)
   defining Unicode char U+20B1 (decimal 8369)
   defining Unicode char U+2103 (decimal 8451)
   defining Unicode char U+2116 (decimal 8470)
   defining Unicode char U+2117 (decimal 8471)
   defining Unicode char U+211E (decimal 8478)
   defining Unicode char U+2120 (decimal 8480)
   defining Unicode char U+2122 (decimal 8482)
   defining Unicode char U+2126 (decimal 8486)
   defining Unicode char U+2127 (decimal 8487)
   defining Unicode char U+212E (decimal 8494)
   defining Unicode char U+2190 (decimal 8592)
   defining Unicode char U+2191 (decimal 8593)
   defining Unicode char U+2192 (decimal 8594)
   defining Unicode char U+2193 (decimal 8595)
   defining Unicode char U+2329 (decimal 9001)
   defining Unicode char U+232A (decimal 9002)
   defining Unicode char U+2422 (decimal 9250)
   defining Unicode char U+25E6 (decimal 9702)
   defining Unicode char U+25EF (decimal 9711)
   defining Unicode char U+266A (decimal 9834)
   defining Unicode char U+FEFF (decimal 65279)
))
LaTeX Info: Redefining \oldstylenums on input line 334.
Package textcomp Info: Setting cmr sub-encoding to TS1/0 on input line 349.
Package textcomp Info: Setting cmss sub-encoding to TS1/0 on input line 350.
Package textcomp Info: Setting cmtt sub-encoding to TS1/0 on input line 351.
Package textcomp Info: Setting cmvtt sub-encoding to TS1/0 on input line 352.
Package textcomp Info: Setting cmbr sub-encoding to TS1/0 on input line 353.
Package textcomp Info: Setting cmtl sub-encoding to TS1/0 on input line 354.
Package textcomp Info: Setting ccr sub-encoding to TS1/0 on input line 355.
Package textcomp Info: Setting ptm sub-encoding to TS1/4 on input line 356.
Package textcomp Info: Setting pcr sub-encoding to TS1/4 on input line 357.
Package textcomp Info: Setting phv sub-encoding to TS1/4 on input line 358.
Package textcomp Info: Setting ppl sub-encoding to TS1/3 on input line 359.
Package textcomp Info: Setting pag sub-encoding to TS1/4 on input line 360.
Package textcomp Info: Setting pbk sub-encoding to TS1/4 on input line 361.
Package textcomp Info: Setting pnc sub-encoding to TS1/4 on input line 362.
Package textcomp Info: Setting pzc sub-encoding to TS1/4 on input line 363.
Package textcomp Info: Setting bch sub-encoding to TS1/4 on input line 364.
Package textcomp Info: Setting put sub-encoding to TS1/5 on input line 365.
Package textcomp Info: Setting uag sub-encoding to TS1/5 on input line 366.
Package textcomp Info: Setting ugq sub-encoding to TS1/5 on input line 367.
Package textcomp Info: Setting ul8 sub-encoding to TS1/4 on input line 368.
Package textcomp Info: Setting ul9 sub-encoding to TS1/4 on input line 369.
Package textcomp Info: Setting augie sub-encoding to TS1/5 on input line 370.
Package textcomp Info: Setting dayrom sub-encoding to TS1/3 on input line 371.
Package textcomp Info: Setting dayroms sub-encoding to TS1/3 on input line 372.

Package textcomp Info: Setting pxr sub-encoding to TS1/0 on input line 373.
Package textcomp Info: Setting pxss sub-encoding to TS1/0 on input line 374.
Package textcomp Info: Setting pxtt sub-encoding to TS1/0 on input line 375.
Package textcomp Info: Setting txr sub-encoding to TS1/0 on input line 376.
Package textcomp Info: Setting txss sub-encoding to TS1/0 on input line 377.
Package textcomp Info: Setting txtt sub-encoding to TS1/0 on input line 378.
Package textcomp Info: Setting lmr sub-encoding to TS1/0 on input line 379.
Package textcomp Info: Setting lmdh sub-encoding to TS1/0 on input line 380.
Package textcomp Info: Setting lmss sub-encoding to TS1/0 on input line 381.
Package textcomp Info: Setting lmssq sub-encoding to TS1/0 on input line 382.
Package textcomp Info: Setting lmvtt sub-encoding to TS1/0 on input line 383.
Package textcomp Info: Setting lmtt sub-encoding to TS1/0 on input line 384.
Package textcomp Info: Setting qhv sub-encoding to TS1/0 on input line 385.
Package textcomp Info: Setting qag sub-encoding to TS1/0 on input line 386.
Package textcomp Info: Setting qbk sub-encoding to TS1/0 on input line 387.
Package textcomp Info: Setting qcr sub-encoding to TS1/0 on input line 388.
Package textcomp Info: Setting qcs sub-encoding to TS1/0 on input line 389.
Package textcomp Info: Setting qpl sub-encoding to TS1/0 on input line 390.
Package textcomp Info: Setting qtm sub-encoding to TS1/0 on input line 391.
Package textcomp Info: Setting qzc sub-encoding to TS1/0 on input line 392.
Package textcomp Info: Setting qhvc sub-encoding to TS1/0 on input line 393.
Package textcomp Info: Setting futs sub-encoding to TS1/4 on input line 394.
Package textcomp Info: Setting futx sub-encoding to TS1/4 on input line 395.
Package textcomp Info: Setting futj sub-encoding to TS1/4 on input line 396.
Package textcomp Info: Setting hlh sub-encoding to TS1/3 on input line 397.
Package textcomp Info: Setting hls sub-encoding to TS1/3 on input line 398.
Package textcomp Info: Setting hlst sub-encoding to TS1/3 on input line 399.
Package textcomp Info: Setting hlct sub-encoding to TS1/5 on input line 400.
Package textcomp Info: Setting hlx sub-encoding to TS1/5 on input line 401.
Package textcomp Info: Setting hlce sub-encoding to TS1/5 on input line 402.
Package textcomp Info: Setting hlcn sub-encoding to TS1/5 on input line 403.
Package textcomp Info: Setting hlcw sub-encoding to TS1/5 on input line 404.
Package textcomp Info: Setting hlcf sub-encoding to TS1/5 on input line 405.
Package textcomp Info: Setting pplx sub-encoding to TS1/3 on input line 406.
Package textcomp Info: Setting pplj sub-encoding to TS1/3 on input line 407.
Package textcomp Info: Setting ptmx sub-encoding to TS1/4 on input line 408.
Package textcomp Info: Setting ptmj sub-encoding to TS1/4 on input line 409.
)
(/usr/share/texlive/texmf-dist/tex/latex/titlesec/titlesec.sty
Package: titlesec 2016/03/21 v2.10.2 Sectioning titles
\ttl@box=\box28
\beforetitleunit=\skip67
\aftertitleunit=\skip68
\ttl@plus=\dimen117
\ttl@minus=\dimen118
\ttl@toksa=\toks23
\titlewidth=\dimen119
\titlewidthlast=\dimen120
\titlewidthfirst=\dimen121
)
(/usr/share/texlive/texmf-dist/tex/latex/tabulary/tabulary.sty
Package: tabulary 2014/06/11 v0.10 tabulary package (DPC)

(/usr/share/texlive/texmf-dist/tex/latex/tools/array.sty
Package: array 2018/04/30 v2.4h Tabular extension package (FMi)
\col@sep=\dimen122
\ar@mcellbox=\box29
\extrarowheight=\dimen123
\NC@list=\toks24
\extratabsurround=\skip69
\backup@length=\skip70
\ar@cellbox=\box30
)
\TY@count=\count111
\TY@linewidth=\dimen124
\tymin=\dimen125
\tymax=\dimen126
\TY@tablewidth=\dimen127
)
(/usr/share/texlive/texmf-dist/tex/latex/tools/longtable.sty
Package: longtable 2014/10/28 v4.11 Multi-page Table package (DPC)
\LTleft=\skip71
\LTright=\skip72
\LTpre=\skip73
\LTpost=\skip74
\LTchunksize=\count112
\LTcapwidth=\dimen128
\LT@head=\box31
\LT@firsthead=\box32
\LT@foot=\box33
\LT@lastfoot=\box34
\LT@cols=\count113
\LT@rows=\count114
\c@LT@tables=\count115
\c@LT@chunks=\count116
\LT@p@ftn=\toks25
)
(/usr/share/texlive/texmf-dist/tex/latex/varwidth/varwidth.sty
Package: varwidth 2009/03/30 ver 0.92;  Variable-width minipages
\@vwid@box=\box35
\sift@deathcycles=\count117
\@vwid@loff=\dimen129
\@vwid@roff=\dimen130
)
(./sphinxmulticell.sty
Package: sphinxmulticell 2017/02/23 v1.6 better span rows and columns of a tabl
e (Sphinx team)
\sphinx@TY@tablewidth=\dimen131
)
(/usr/share/texlive/texmf-dist/tex/latex/base/makeidx.sty
Package: makeidx 2014/09/29 v1.0m Standard LaTeX package
)
(/usr/share/texlive/texmf-dist/tex/latex/framed/framed.sty
Package: framed 2011/10/22 v 0.96: framed or shaded text with page breaks
\OuterFrameSep=\skip75
\fb@frw=\dimen132
\fb@frh=\dimen133
\FrameRule=\dimen134
\FrameSep=\dimen135
)
(/usr/share/texlive/texmf-dist/tex/latex/xcolor/xcolor.sty
Package: xcolor 2016/05/11 v2.12 LaTeX color extensions (UK)

(/usr/share/texlive/texmf-dist/tex/latex/graphics-cfg/color.cfg
File: color.cfg 2016/01/02 v1.6 sample color configuration
)
Package xcolor Info: Driver file: pdftex.def on input line 225.
Package xcolor Info: Model `cmy' substituted by `cmy0' on input line 1348.
Package xcolor Info: Model `hsb' substituted by `rgb' on input line 1352.
Package xcolor Info: Model `RGB' extended on input line 1364.
Package xcolor Info: Model `HTML' substituted by `rgb' on input line 1366.
Package xcolor Info: Model `Hsb' substituted by `hsb' on input line 1367.
Package xcolor Info: Model `tHsb' substituted by `hsb' on input line 1368.
Package xcolor Info: Model `HSB' substituted by `hsb' on input line 1369.
Package xcolor Info: Model `Gray' substituted by `gray' on input line 1370.
Package xcolor Info: Model `wave' substituted by `hsb' on input line 1371.
)
(/usr/share/texlive/texmf-dist/tex/latex/fancyvrb/fancyvrb.sty
Package: fancyvrb 2008/02/07

Style option: `fancyvrb' v2.7a, with DG/SPQR fixes, and firstline=lastline fix 
<2008/02/07> (tvz)
\FV@CodeLineNo=\count118
\FV@InFile=\read1
\FV@TabBox=\box36
\c@FancyVerbLine=\count119
\FV@StepNumber=\count120
\FV@OutFile=\write3
) (./footnotehyper-sphinx.sty
Package: footnotehyper-sphinx 2017/10/27 v1.7 hyperref aware footnote.sty for s
phinx (JFB)
\FNH@notes=\box37
\FNH@width=\dimen136
)
(/usr/share/texlive/texmf-dist/tex/latex/float/float.sty
Package: float 2001/11/08 v1.3d Float enhancements (AL)
\c@float@type=\count121
\float@exts=\toks26
\float@box=\box38
\@float@everytoks=\toks27
\@floatcapt=\box39
)
(/usr/share/texlive/texmf-dist/tex/latex/wrapfig/wrapfig.sty
\wrapoverhang=\dimen137
\WF@size=\dimen138
\c@WF@wrappedlines=\count122
\WF@box=\box40
\WF@everypar=\toks28
Package: wrapfig 2003/01/31  v 3.6
)
(/usr/share/texlive/texmf-dist/tex/latex/parskip/parskip.sty
Package: parskip 2001/04/09 non-zero parskip adjustments
)
(/usr/share/texlive/texmf-dist/tex/latex/base/alltt.sty
Package: alltt 1997/06/16 v2.0g defines alltt environment
)
(/usr/share/texlive/texmf-dist/tex/latex/upquote/upquote.sty
Package: upquote 2012/04/19 v1.3 upright-quote and grave-accent glyphs in verba
tim
)
(/usr/share/texlive/texmf-dist/tex/latex/capt-of/capt-of.sty
Package: capt-of 2009/12/29 v0.2 standard captions outside of floats
)
(/usr/share/texlive/texmf-dist/tex/latex/needspace/needspace.sty
Package: needspace 2010/09/12 v1.3d reserve vertical space
)
(/usr/share/texlive/texmf-dist/tex/latex/carlisle/remreset.sty)
(./sphinxhighlight.sty
Package: sphinxhighlight 2016/05/29 stylesheet for highlighting with pygments
)
(/usr/share/texlive/texmf-dist/tex/latex/oberdiek/kvoptions.sty
Package: kvoptions 2016/05/16 v3.12 Key value format for package options (HO)

(/usr/share/texlive/texmf-dist/tex/generic/oberdiek/kvsetkeys.sty
Package: kvsetkeys 2016/05/16 v1.17 Key value parser (HO)

(/usr/share/texlive/texmf-dist/tex/generic/oberdiek/infwarerr.sty
Package: infwarerr 2016/05/16 v1.4 Providing info/warning/error messages (HO)
)
(/usr/share/texlive/texmf-dist/tex/generic/oberdiek/etexcmds.sty
Package: etexcmds 2016/05/16 v1.6 Avoid name clashes with e-TeX commands (HO)

(/usr/share/texlive/texmf-dist/tex/generic/oberdiek/ifluatex.sty
Package: ifluatex 2016/05/16 v1.4 Provides the ifluatex switch (HO)
Package ifluatex Info: LuaTeX not detected.
))))
\sphinxverbatimsep=\dimen139
\sphinxverbatimborder=\dimen140
\sphinxshadowsep=\dimen141
\sphinxshadowsize=\dimen142
\sphinxshadowrule=\dimen143
\spx@notice@border=\dimen144
\spx@image@box=\box41
\c@literalblock=\count123
\sphinxcontinuationbox=\box42
\sphinxvisiblespacebox=\box43
\sphinxVerbatim@TitleBox=\box44
\py@argswidth=\skip76
\lineblockindentation=\skip77
\DUlineblockindent=\skip78
)
(/usr/share/texlive/texmf-dist/tex/latex/pdfpages/pdfpages.sty
Package: pdfpages 2017/10/31 v0.5l Insert pages of external PDF documents (AM)

(/usr/share/texlive/texmf-dist/tex/latex/base/ifthen.sty
Package: ifthen 2014/09/29 v1.1c Standard LaTeX ifthen package (DPC)
)
(/usr/share/texlive/texmf-dist/tex/latex/tools/calc.sty
Package: calc 2017/05/25 v4.3 Infix arithmetic (KKT,FJ)
\calc@Acount=\count124
\calc@Bcount=\count125
\calc@Adimen=\dimen145
\calc@Bdimen=\dimen146
\calc@Askip=\skip79
\calc@Bskip=\skip80
LaTeX Info: Redefining \setlength on input line 80.
LaTeX Info: Redefining \addtolength on input line 81.
\calc@Ccount=\count126
\calc@Cskip=\skip81
)
(/usr/share/texlive/texmf-dist/tex/latex/eso-pic/eso-pic.sty
Package: eso-pic 2015/07/21 v2.0g eso-pic (RN)

(/usr/share/texlive/texmf-dist/tex/generic/oberdiek/atbegshi.sty
Package: atbegshi 2016/06/09 v1.18 At begin shipout hook (HO)

(/usr/share/texlive/texmf-dist/tex/generic/oberdiek/ifpdf.sty
Package: ifpdf 2017/03/15 v3.2 Provides the ifpdf switch
)))
\AM@pagewidth=\dimen147
\AM@pageheight=\dimen148

(/usr/share/texlive/texmf-dist/tex/latex/pdfpages/pppdftex.def
File: pppdftex.def 2017/10/31 v0.5l Pdfpages driver for pdfTeX (AM)
)
\AM@pagebox=\box45
\AM@global@opts=\toks29
\AM@toc@title=\toks30
\c@AM@survey=\count127
\AM@templatesizebox=\box46
)
(/usr/share/texlive/texmf-dist/tex/latex/geometry/geometry.sty
Package: geometry 2018/03/24 v5.7 Page Geometry

(/usr/share/texlive/texmf-dist/tex/generic/oberdiek/ifvtex.sty
Package: ifvtex 2016/05/16 v1.6 Detect VTeX and its facilities (HO)
Package ifvtex Info: VTeX not detected.
)
(/usr/share/texlive/texmf-dist/tex/generic/ifxetex/ifxetex.sty
Package: ifxetex 2010/09/12 v0.6 Provides ifxetex conditional
)
\Gm@cnth=\count128
\Gm@cntv=\count129
\c@Gm@tempcnt=\count130
\Gm@bindingoffset=\dimen149
\Gm@wd@mp=\dimen150
\Gm@odd@mp=\dimen151
\Gm@even@mp=\dimen152
\Gm@layoutwidth=\dimen153
\Gm@layoutheight=\dimen154
\Gm@layouthoffset=\dimen155
\Gm@layoutvoffset=\dimen156
\Gm@dimlist=\toks31
)
(/usr/share/texlive/texmf-dist/tex/latex/hyperref/hyperref.sty
Package: hyperref 2018/02/06 v6.86b Hypertext links for LaTeX

(/usr/share/texlive/texmf-dist/tex/generic/oberdiek/hobsub-hyperref.sty
Package: hobsub-hyperref 2016/05/16 v1.14 Bundle oberdiek, subset hyperref (HO)


(/usr/share/texlive/texmf-dist/tex/generic/oberdiek/hobsub-generic.sty
Package: hobsub-generic 2016/05/16 v1.14 Bundle oberdiek, subset generic (HO)
Package: hobsub 2016/05/16 v1.14 Construct package bundles (HO)
Package hobsub Info: Skipping package `infwarerr' (already loaded).
Package hobsub Info: Skipping package `ltxcmds' (already loaded).
Package hobsub Info: Skipping package `ifluatex' (already loaded).
Package hobsub Info: Skipping package `ifvtex' (already loaded).
Package: intcalc 2016/05/16 v1.2 Expandable calculations with integers (HO)
Package hobsub Info: Skipping package `ifpdf' (already loaded).
Package hobsub Info: Skipping package `etexcmds' (already loaded).
Package hobsub Info: Skipping package `kvsetkeys' (already loaded).
Package: kvdefinekeys 2016/05/16 v1.4 Define keys (HO)
Package: pdftexcmds 2018/01/30 v0.27 Utility functions of pdfTeX for LuaTeX (HO
)
Package pdftexcmds Info: LuaTeX not detected.
Package pdftexcmds Info: \pdf@primitive is available.
Package pdftexcmds Info: \pdf@ifprimitive is available.
Package pdftexcmds Info: \pdfdraftmode found.
Package: pdfescape 2016/05/16 v1.14 Implements pdfTeX's escape features (HO)
Package: bigintcalc 2016/05/16 v1.4 Expandable calculations on big integers (HO
)
Package: bitset 2016/05/16 v1.2 Handle bit-vector datatype (HO)
Package: uniquecounter 2016/05/16 v1.3 Provide unlimited unique counter (HO)
)
Package hobsub Info: Skipping package `hobsub' (already loaded).
Package: letltxmacro 2016/05/16 v1.5 Let assignment for LaTeX macros (HO)
Package: hopatch 2016/05/16 v1.3 Wrapper for package hooks (HO)
Package: xcolor-patch 2016/05/16 xcolor patch
Package: atveryend 2016/05/16 v1.9 Hooks at the very end of document (HO)
Package atveryend Info: \enddocument detected (standard20110627).
Package hobsub Info: Skipping package `atbegshi' (already loaded).
Package: refcount 2016/05/16 v3.5 Data extraction from label references (HO)
Package: hycolor 2016/05/16 v1.8 Color options for hyperref/bookmark (HO)
)
(/usr/share/texlive/texmf-dist/tex/latex/oberdiek/auxhook.sty
Package: auxhook 2016/05/16 v1.4 Hooks for auxiliary files (HO)
)
\@linkdim=\dimen157
\Hy@linkcounter=\count131
\Hy@pagecounter=\count132

(/usr/share/texlive/texmf-dist/tex/latex/hyperref/pd1enc.def
File: pd1enc.def 2018/02/06 v6.86b Hyperref: PDFDocEncoding definition (HO)
Now handling font encoding PD1 ...
... no UTF-8 mapping file for font encoding PD1
)
\Hy@SavedSpaceFactor=\count133

(/usr/share/texlive/texmf-dist/tex/latex/latexconfig/hyperref.cfg
File: hyperref.cfg 2002/06/06 v1.2 hyperref configuration of TeXLive
)
Package hyperref Info: Option `unicode' set `true' on input line 4383.

(/usr/share/texlive/texmf-dist/tex/latex/hyperref/puenc.def
File: puenc.def 2018/02/06 v6.86b Hyperref: PDF Unicode definition (HO)
Now handling font encoding PU ...
... no UTF-8 mapping file for font encoding PU
)
Package hyperref Info: Option `colorlinks' set `true' on input line 4383.
Package hyperref Info: Option `breaklinks' set `true' on input line 4383.
Package hyperref Info: Hyper figures OFF on input line 4509.
Package hyperref Info: Link nesting OFF on input line 4514.
Package hyperref Info: Hyper index ON on input line 4517.
Package hyperref Info: Plain pages OFF on input line 4524.
Package hyperref Info: Backreferencing OFF on input line 4529.
Package hyperref Info: Implicit mode ON; LaTeX internals redefined.
Package hyperref Info: Bookmarks ON on input line 4762.
\c@Hy@tempcnt=\count134

(/usr/share/texlive/texmf-dist/tex/latex/url/url.sty
\Urlmuskip=\muskip11
Package: url 2013/09/16  ver 3.4  Verb mode for urls, etc.
)
LaTeX Info: Redefining \url on input line 5115.
\XeTeXLinkMargin=\dimen158
\Fld@menulength=\count135
\Field@Width=\dimen159
\Fld@charsize=\dimen160
Package hyperref Info: Hyper figures OFF on input line 6369.
Package hyperref Info: Link nesting OFF on input line 6374.
Package hyperref Info: Hyper index ON on input line 6377.
Package hyperref Info: backreferencing OFF on input line 6384.
Package hyperref Info: Link coloring ON on input line 6387.
Package hyperref Info: Link coloring with OCG OFF on input line 6394.
Package hyperref Info: PDF/A mode OFF on input line 6399.
LaTeX Info: Redefining \ref on input line 6439.
LaTeX Info: Redefining \pageref on input line 6443.
\Hy@abspage=\count136
\c@Item=\count137
\c@Hfootnote=\count138
)
Package hyperref Info: Driver (autodetected): hpdftex.

(/usr/share/texlive/texmf-dist/tex/latex/hyperref/hpdftex.def
File: hpdftex.def 2018/02/06 v6.86b Hyperref driver for pdfTeX
\Fld@listcount=\count139
\c@bookmark@seq@number=\count140

(/usr/share/texlive/texmf-dist/tex/latex/oberdiek/rerunfilecheck.sty
Package: rerunfilecheck 2016/05/16 v1.8 Rerun checks for auxiliary files (HO)
Package uniquecounter Info: New unique counter `rerunfilecheck' on input line 2
82.
)
\Hy@SectionHShift=\skip82
)
(/usr/share/texlive/texmf-dist/tex/latex/oberdiek/hypcap.sty
Package: hypcap 2016/05/16 v1.12 Adjusting the anchors of captions (HO)
)
\@indexfile=\write4
\openout4 = `eyes17.idx'.


Writing index file eyes17.idx
(./eyes17.aux)
\openout1 = `eyes17.aux'.

LaTeX Font Info:    Checking defaults for OML/cmm/m/it on input line 68.
LaTeX Font Info:    ... okay on input line 68.
LaTeX Font Info:    Checking defaults for T1/cmr/m/n on input line 68.
LaTeX Font Info:    ... okay on input line 68.
LaTeX Font Info:    Checking defaults for OT1/cmr/m/n on input line 68.
LaTeX Font Info:    ... okay on input line 68.
LaTeX Font Info:    Checking defaults for OMS/cmsy/m/n on input line 68.
LaTeX Font Info:    ... okay on input line 68.
LaTeX Font Info:    Checking defaults for OMX/cmex/m/n on input line 68.
LaTeX Font Info:    ... okay on input line 68.
LaTeX Font Info:    Checking defaults for U/cmr/m/n on input line 68.
LaTeX Font Info:    ... okay on input line 68.
LaTeX Font Info:    Checking defaults for TS1/cmr/m/n on input line 68.
LaTeX Font Info:    Try loading font information for TS1+cmr on input line 68.
 (/usr/share/texlive/texmf-dist/tex/latex/base/ts1cmr.fd
File: ts1cmr.fd 2014/09/29 v2.5h Standard LaTeX font definitions
)
LaTeX Font Info:    ... okay on input line 68.
LaTeX Font Info:    Checking defaults for PD1/pdf/m/n on input line 68.
LaTeX Font Info:    ... okay on input line 68.
LaTeX Font Info:    Checking defaults for PU/pdf/m/n on input line 68.
LaTeX Font Info:    ... okay on input line 68.
LaTeX Font Info:    Try loading font information for T1+ptm on input line 68.

(/usr/share/texlive/texmf-dist/tex/latex/psnfss/t1ptm.fd
File: t1ptm.fd 2001/06/04 font definitions for T1/ptm.
)
LaTeX Info: Redefining \degres on input line 68.
LaTeX Info: Redefining \dots on input line 68.
LaTeX Info: Redefining \up on input line 68.

(/usr/share/texlive/texmf-dist/tex/context/base/mkii/supp-pdf.mkii
[Loading MPS to PDF converter (version 2006.09.02).]
\scratchcounter=\count141
\scratchdimen=\dimen161
\scratchbox=\box47
\nofMPsegments=\count142
\nofMParguments=\count143
\everyMPshowfont=\toks32
\MPscratchCnt=\count144
\MPscratchDim=\dimen162
\MPnumerator=\count145
\makeMPintoPDFobject=\count146
\everyMPtoPDFconversion=\toks33
) (/usr/share/texlive/texmf-dist/tex/latex/oberdiek/epstopdf-base.sty
Package: epstopdf-base 2016/05/15 v2.6 Base part for package epstopdf

(/usr/share/texlive/texmf-dist/tex/latex/oberdiek/grfext.sty
Package: grfext 2016/05/16 v1.2 Manage graphics extensions (HO)
)
Package epstopdf-base Info: Redefining graphics rule for `.eps' on input line 4
38.
Package grfext Info: Graphics extension search list:
(grfext)             [.pdf,.png,.jpg,.mps,.jpeg,.jbig2,.jb2,.PDF,.PNG,.JPG,.JPE
G,.JBIG2,.JB2,.eps]
(grfext)             \AppendGraphicsExtensions on input line 456.

(/usr/share/texlive/texmf-dist/tex/latex/latexconfig/epstopdf-sys.cfg
File: epstopdf-sys.cfg 2010/07/13 v1.3 Configuration of (r)epstopdf for TeX Liv
e
))
\AtBeginShipoutBox=\box48

(/usr/share/texlive/texmf-dist/tex/latex/oberdiek/pdflscape.sty
Package: pdflscape 2016/05/14 v0.11 Display of landscape pages in PDF (HO)

(/usr/share/texlive/texmf-dist/tex/latex/graphics/lscape.sty
Package: lscape 2000/10/22 v3.01 Landscape Pages (DPC)
)
Package pdflscape Info: Auto-detected driver: pdftex on input line 81.
)
*geometry* driver: auto-detecting
*geometry* detected driver: pdftex
*geometry* verbose mode - [ preamble ] result:
* driver: pdftex
* paper: a4paper
* layout: <same size as paper>
* layoutoffset:(h,v)=(0.0pt,0.0pt)
* modes: twoside 
* h-part:(L,W,R)=(72.26999pt, 452.9679pt, 72.26999pt)
* v-part:(T,H,B)=(72.26999pt, 700.50687pt, 72.26999pt)
* \paperwidth=597.50787pt
* \paperheight=845.04684pt
* \textwidth=452.9679pt
* \textheight=700.50687pt
* \oddsidemargin=0.0pt
* \evensidemargin=0.0pt
* \topmargin=-37.0pt
* \headheight=12.0pt
* \headsep=25.0pt
* \topskip=12.0pt
* \footskip=30.0pt
* \marginparwidth=36.135pt
* \marginparsep=10.0pt
* \columnsep=10.0pt
* \skip\footins=10.8pt plus 4.0pt minus 2.0pt
* \hoffset=0.0pt
* \voffset=0.0pt
* \mag=1000
* \@twocolumnfalse
* \@twosidetrue
* \@mparswitchtrue
* \@reversemarginfalse
* (1in=72.27pt=25.4mm, 1cm=28.453pt)

Package hyperref Info: Link coloring ON on input line 68.
(/usr/share/texlive/texmf-dist/tex/latex/hyperref/nameref.sty
Package: nameref 2016/05/21 v2.44 Cross-referencing by name of section

(/usr/share/texlive/texmf-dist/tex/generic/oberdiek/gettitlestring.sty
Package: gettitlestring 2016/05/16 v1.5 Cleanup title references (HO)
)
\c@section@level=\count147
)
LaTeX Info: Redefining \ref on input line 68.
LaTeX Info: Redefining \pageref on input line 68.
LaTeX Info: Redefining \nameref on input line 68.

(./eyes17.out) (./eyes17.out)
\@outlinefile=\write5
\openout5 = `eyes17.out'.

<coverpage.pdf, id=354, 597.50829pt x 845.0471pt>
File: coverpage.pdf Graphic file (type pdf)
<use coverpage.pdf>
Package pdftex.def Info: coverpage.pdf  used on input line 70.
(pdftex.def)             Requested size: 597.50682pt x 845.04504pt.
File: coverpage.pdf Graphic file (type pdf)
<use coverpage.pdf>
Package pdftex.def Info: coverpage.pdf  used on input line 70.
(pdftex.def)             Requested size: 597.50682pt x 845.04504pt.
<coverpage.pdf, id=357, page=1, 597.50829pt x 845.0471pt>
File: coverpage.pdf Graphic file (type pdf)
<use coverpage.pdf, page 1>
Package pdftex.def Info: coverpage.pdf , page1 used on input line 70.
(pdftex.def)             Requested size: 597.50682pt x 845.04504pt.
File: coverpage.pdf Graphic file (type pdf)
<use coverpage.pdf, page 1>
Package pdftex.def Info: coverpage.pdf , page1 used on input line 70.
(pdftex.def)             Requested size: 597.53416pt x 845.08372pt.
File: coverpage.pdf Graphic file (type pdf)
<use coverpage.pdf, page 1>
Package pdftex.def Info: coverpage.pdf , page1 used on input line 70.
(pdftex.def)             Requested size: 597.53416pt x 845.08372pt.
File: coverpage.pdf Graphic file (type pdf)
<use coverpage.pdf, page 1>
Package pdftex.def Info: coverpage.pdf , page1 used on input line 70.
(pdftex.def)             Requested size: 597.53416pt x 845.08372pt.
File: coverpage.pdf Graphic file (type pdf)
<use coverpage.pdf, page 1>
Package pdftex.def Info: coverpage.pdf , page1 used on input line 70.
(pdftex.def)             Requested size: 597.53416pt x 845.08372pt.
 [1

 <./coverpage.pdf{/var/lib/texmf/fonts/map/pdftex/updmap/pdftex.map}>]
<preface.pdf, id=370, 597.50829pt x 845.0471pt>
File: preface.pdf Graphic file (type pdf)
<use preface.pdf>
Package pdftex.def Info: preface.pdf  used on input line 71.
(pdftex.def)             Requested size: 597.50682pt x 845.04504pt.
File: preface.pdf Graphic file (type pdf)
<use preface.pdf>
Package pdftex.def Info: preface.pdf  used on input line 71.
(pdftex.def)             Requested size: 597.50682pt x 845.04504pt.
<preface.pdf, id=373, page=1, 597.50829pt x 845.0471pt>
File: preface.pdf Graphic file (type pdf)
<use preface.pdf, page 1>
Package pdftex.def Info: preface.pdf , page1 used on input line 71.
(pdftex.def)             Requested size: 597.50682pt x 845.04504pt.
File: preface.pdf Graphic file (type pdf)
<use preface.pdf, page 1>
Package pdftex.def Info: preface.pdf , page1 used on input line 71.
(pdftex.def)             Requested size: 597.53416pt x 845.08372pt.
File: preface.pdf Graphic file (type pdf)
<use preface.pdf, page 1>
Package pdftex.def Info: preface.pdf , page1 used on input line 71.
(pdftex.def)             Requested size: 597.53416pt x 845.08372pt.
File: preface.pdf Graphic file (type pdf)
<use preface.pdf, page 1>
Package pdftex.def Info: preface.pdf , page1 used on input line 71.
(pdftex.def)             Requested size: 597.53416pt x 845.08372pt.
File: preface.pdf Graphic file (type pdf)
<use preface.pdf, page 1>
Package pdftex.def Info: preface.pdf , page1 used on input line 71.
(pdftex.def)             Requested size: 597.53416pt x 845.08372pt.
 [2 <./preface.pdf>]
LaTeX Font Info:    Try loading font information for T1+phv on input line 72.

(/usr/share/texlive/texmf-dist/tex/latex/psnfss/t1phv.fd
File: t1phv.fd 2001/06/04 scalable font definitions for T1/phv.
) (./eyes17.toc
LaTeX Font Info:    Font shape `T1/ptm/bx/n' in size <12> not available
(Font)              Font shape `T1/ptm/b/n' tried instead on input line 2.
<<ot1.cmap>><<oml.cmap>><<oms.cmap>><<omx.cmap>>
LaTeX Font Info:    Try loading font information for U+msa on input line 4.

(/usr/share/texlive/texmf-dist/tex/latex/amsfonts/umsa.fd
File: umsa.fd 2013/01/14 v3.01 AMS symbols A
)
LaTeX Font Info:    Try loading font information for U+msb on input line 4.

(/usr/share/texlive/texmf-dist/tex/latex/amsfonts/umsb.fd
File: umsb.fd 2013/01/14 v3.01 AMS symbols B
)
LaTeX Font Info:    Font shape `T1/phv/bx/n' in size <12> not available
(Font)              Font shape `T1/phv/b/n' tried instead on input line 47.
 [1

] [2])
\tf@toc=\write6
\openout6 = `eyes17.toc'.

 [3]
[4

]
Chapitre 1.
pdfTeX warning (ext4): destination with the same identifier (name{page.1}) has 
been already used, duplicate ignored
<to be read again> 
                   \relax 
l.122 
       [1

]

Package Fancyhdr Warning: \headheight is too small (12.0pt): 
 Make it at least 14.49998pt.
 We now make it that large for the rest of the document.
 This may cause the page layout to be inconsistent, however.

pdfTeX warning (ext4): destination with the same identifier (name{page.2}) has 
been already used, duplicate ignored
<to be read again> 
                   \relax 
l.124 \chapter
              {Le matériel} [2]
Chapitre 2.
<eyes17-panel.pdf, id=505, 240.9pt x 132.495pt>
File: eyes17-panel.pdf Graphic file (type pdf)
<use eyes17-panel.pdf>
Package pdftex.def Info: eyes17-panel.pdf  used on input line 154.
(pdftex.def)             Requested size: 376.40381pt x 207.04109pt.
LaTeX Font Info:    Font shape `T1/phv/bx/n' in size <17.28> not available
(Font)              Font shape `T1/phv/b/n' tried instead on input line 162.
LaTeX Font Info:    Font shape `T1/phv/bx/n' in size <14.4> not available
(Font)              Font shape `T1/phv/b/n' tried instead on input line 169.
[3

]

Package Fancyhdr Warning: \headheight is too small (12.0pt): 
 Make it at least 14.49998pt.
 We now make it that large for the rest of the document.
 This may cause the page layout to be inconsistent, however.

[4 <./eyes17-panel.pdf>]
LaTeX Font Info:    Font shape `T1/phv/bx/it' in size <12> not available
(Font)              Font shape `T1/phv/b/it' tried instead on input line 253.
LaTeX Font Info:    Font shape `T1/phv/b/it' in size <12> not available
(Font)              Font shape `T1/phv/b/sl' tried instead on input line 253.


Package Fancyhdr Warning: \headheight is too small (12.0pt): 
 Make it at least 14.49998pt.
 We now make it that large for the rest of the document.
 This may cause the page layout to be inconsistent, however.

[5]
LaTeX Font Info:    Try loading font information for TS1+ptm on input line 325.

 (/usr/share/texlive/texmf-dist/tex/latex/psnfss/ts1ptm.fd
File: ts1ptm.fd 2001/06/04 font definitions for TS1/ptm.
)
LaTeX Font Info:    Try loading font information for T1+pcr on input line 340.

(/usr/share/texlive/texmf-dist/tex/latex/psnfss/t1pcr.fd
File: t1pcr.fd 2001/06/04 font definitions for T1/pcr.
)

Package Fancyhdr Warning: \headheight is too small (12.0pt): 
 Make it at least 14.49998pt.
 We now make it that large for the rest of the document.
 This may cause the page layout to be inconsistent, however.

[6]
Chapitre 3.
LaTeX Font Info:    Try loading font information for TS1+pcr on input line 387.

(/usr/share/texlive/texmf-dist/tex/latex/psnfss/ts1pcr.fd
File: ts1pcr.fd 2001/06/04 font definitions for TS1/pcr.
) [7

]

Package Fancyhdr Warning: \headheight is too small (12.0pt): 
 Make it at least 14.49998pt.
 We now make it that large for the rest of the document.
 This may cause the page layout to be inconsistent, however.

[8]

Package Fancyhdr Warning: \headheight is too small (12.0pt): 
 Make it at least 14.49998pt.
 We now make it that large for the rest of the document.
 This may cause the page layout to be inconsistent, however.

[9]

Package Fancyhdr Warning: \headheight is too small (12.0pt): 
 Make it at least 14.49998pt.
 We now make it that large for the rest of the document.
 This may cause the page layout to be inconsistent, however.

[10

]
Chapitre 4.
<scope17.pdf, id=572, 240.9pt x 142.5325pt>
File: scope17.pdf Graphic file (type pdf)
<use scope17.pdf>
Package pdftex.def Info: scope17.pdf  used on input line 501.
(pdftex.def)             Requested size: 240.8994pt x 142.53214pt.
[11 <./scope17.pdf>]

Package Fancyhdr Warning: \headheight is too small (12.0pt): 
 Make it at least 14.49998pt.
 We now make it that large for the rest of the document.
 This may cause the page layout to be inconsistent, however.

[12]
Chapitre 5.
[13

]

Package Fancyhdr Warning: \headheight is too small (12.0pt): 
 Make it at least 14.49998pt.
 We now make it that large for the rest of the document.
 This may cause the page layout to be inconsistent, however.

[14

]
Chapitre 6.
<measure-dc.pdf, id=595, 240.9pt x 149.55875pt>
File: measure-dc.pdf Graphic file (type pdf)
<use measure-dc.pdf>
Package pdftex.def Info: measure-dc.pdf  used on input line 632.
(pdftex.def)             Requested size: 225.84229pt x 140.21326pt.
[15 <./measure-dc.pdf>]
<res-measure.pdf, id=608, 240.9pt x 126.4725pt>
File: res-measure.pdf Graphic file (type pdf)
<use res-measure.pdf>
Package pdftex.def Info: res-measure.pdf  used on input line 669.
(pdftex.def)             Requested size: 225.84229pt x 118.5696pt.
<res-series.pdf, id=609, 240.9pt x 126.4725pt>
File: res-series.pdf Graphic file (type pdf)
<use res-series.pdf>
Package pdftex.def Info: res-series.pdf  used on input line 670.
(pdftex.def)             Requested size: 225.84229pt x 118.5696pt.
<res-parallel.pdf, id=610, 240.9pt x 126.4725pt>
File: res-parallel.pdf Graphic file (type pdf)
<use res-parallel.pdf>
Package pdftex.def Info: res-parallel.pdf  used on input line 671.
(pdftex.def)             Requested size: 225.84229pt x 118.5696pt.

Overfull \hbox (0.9967pt too wide) in paragraph at lines 669--672
[] []
 []

<cap-measure.pdf, id=611, 240.9pt x 158.5925pt>
File: cap-measure.pdf Graphic file (type pdf)
<use cap-measure.pdf>
Package pdftex.def Info: cap-measure.pdf  used on input line 694.
(pdftex.def)             Requested size: 225.84229pt x 148.6825pt.
<cap-series.pdf, id=612, 240.9pt x 158.5925pt>
File: cap-series.pdf Graphic file (type pdf)
<use cap-series.pdf>
Package pdftex.def Info: cap-series.pdf  used on input line 695.
(pdftex.def)             Requested size: 225.84229pt x 148.6825pt.
<cap-parallel.pdf, id=613, 240.9pt x 158.5925pt>
File: cap-parallel.pdf Graphic file (type pdf)
<use cap-parallel.pdf>
Package pdftex.def Info: cap-parallel.pdf  used on input line 696.
(pdftex.def)             Requested size: 225.84229pt x 148.6825pt.

Overfull \hbox (0.9967pt too wide) in paragraph at lines 694--697
[] []
 []


Package Fancyhdr Warning: \headheight is too small (12.0pt): 
 Make it at least 14.49998pt.
 We now make it that large for the rest of the document.
 This may cause the page layout to be inconsistent, however.

[16 <./res-measure.pdf> <./res-series.pdf

pdfTeX warning: pdflatex (file ./res-series.pdf): PDF inclusion: multiple pdfs 
with page group included in a single page
> <./res-parallel.pdf

pdfTeX warning: pdflatex (file ./res-parallel.pdf): PDF inclusion: multiple pdf
s with page group included in a single page
>]
<res-compare.pdf, id=635, 240.9pt x 102.3825pt>
File: res-compare.pdf Graphic file (type pdf)
<use res-compare.pdf>
Package pdftex.def Info: res-compare.pdf  used on input line 734.
(pdftex.def)             Requested size: 225.84229pt x 95.98491pt.


Package Fancyhdr Warning: \headheight is too small (12.0pt): 
 Make it at least 14.49998pt.
 We now make it that large for the rest of the document.
 This may cause the page layout to be inconsistent, however.

[17 <./cap-measure.pdf> <./cap-series.pdf

pdfTeX warning: pdflatex (file ./cap-series.pdf): PDF inclusion: multiple pdfs 
with page group included in a single page
> <./cap-parallel.pdf

pdfTeX warning: pdflatex (file ./cap-parallel.pdf): PDF inclusion: multiple pdf
s with page group included in a single page
>]
<ac-dc.pdf, id=657, 240.9pt x 27.10126pt>
File: ac-dc.pdf Graphic file (type pdf)
<use ac-dc.pdf>
Package pdftex.def Info: ac-dc.pdf  used on input line 778.
(pdftex.def)             Requested size: 225.84229pt x 25.40776pt.
File: ac-dc.pdf Graphic file (type pdf)
<use ac-dc.pdf>
Package pdftex.def Info: ac-dc.pdf  used on input line 803.
(pdftex.def)             Requested size: 225.84229pt x 25.40776pt.
<sqr-wave.pdf, id=658, 213.79875pt x 180.675pt>
File: sqr-wave.pdf Graphic file (type pdf)
<use sqr-wave.pdf>
Package pdftex.def Info: sqr-wave.pdf  used on input line 804.
(pdftex.def)             Requested size: 225.84229pt x 190.85292pt.

Overfull \hbox (0.9967pt too wide) in paragraph at lines 803--805
[] [] 
 []


Package Fancyhdr Warning: \headheight is too small (12.0pt): 
 Make it at least 14.49998pt.
 We now make it that large for the rest of the document.
 This may cause the page layout to be inconsistent, however.

[18 <./res-compare.pdf> <./ac-dc.pdf

pdfTeX warning: pdflatex (file ./ac-dc.pdf): PDF inclusion: multiple pdfs with 
page group included in a single page
>]
<line-pickup.pdf, id=674, 240.9pt x 57.21375pt>
File: line-pickup.pdf Graphic file (type pdf)
<use line-pickup.pdf>
Package pdftex.def Info: line-pickup.pdf  used on input line 814.
(pdftex.def)             Requested size: 225.84229pt x 53.63861pt.
<pickup.pdf, id=675, 213.79875pt x 180.675pt>
File: pickup.pdf Graphic file (type pdf)
<use pickup.pdf>
Package pdftex.def Info: pickup.pdf  used on input line 838.
(pdftex.def)             Requested size: 225.84229pt x 190.85292pt.


Package Fancyhdr Warning: \headheight is too small (12.0pt): 
 Make it at least 14.49998pt.
 We now make it that large for the rest of the document.
 This may cause the page layout to be inconsistent, however.

[19 <./sqr-wave.pdf> <./line-pickup.pdf>]
<acdc-separating.pdf, id=691, 240.9pt x 191.71625pt>
File: acdc-separating.pdf Graphic file (type pdf)
<use acdc-separating.pdf>
Package pdftex.def Info: acdc-separating.pdf  used on input line 850.
(pdftex.def)             Requested size: 225.84229pt x 179.73645pt.
<acdc-sep-screen.pdf, id=692, 213.79875pt x 180.675pt>
File: acdc-sep-screen.pdf Graphic file (type pdf)
<use acdc-sep-screen.pdf>
Package pdftex.def Info: acdc-sep-screen.pdf  used on input line 851.
(pdftex.def)             Requested size: 225.84229pt x 190.85292pt.

Overfull \hbox (0.9967pt too wide) in paragraph at lines 850--852
[] [] 
 []


Package Fancyhdr Warning: \headheight is too small (12.0pt): 
 Make it at least 14.49998pt.
 We now make it that large for the rest of the document.
 This may cause the page layout to be inconsistent, however.

[20 <./pickup.pdf> <./acdc-separating.pdf> <./acdc-sep-screen.pdf>]
<conducting-human.pdf, id=718, 240.9pt x 171.64125pt>
File: conducting-human.pdf Graphic file (type pdf)
<use conducting-human.pdf>
Package pdftex.def Info: conducting-human.pdf  used on input line 889.
(pdftex.def)             Requested size: 225.84229pt x 160.91586pt.
<conducting-human-screen.pdf, id=719, 213.79875pt x 180.675pt>
File: conducting-human-screen.pdf Graphic file (type pdf)
<use conducting-human-screen.pdf>
Package pdftex.def Info: conducting-human-screen.pdf  used on input line 890.
(pdftex.def)             Requested size: 225.84229pt x 190.85292pt.

Overfull \hbox (0.9967pt too wide) in paragraph at lines 889--891
[] [] 
 []

<res-body.pdf, id=720, 240.9pt x 140.525pt>
File: res-body.pdf Graphic file (type pdf)
<use res-body.pdf>
Package pdftex.def Info: res-body.pdf  used on input line 928.
(pdftex.def)             Requested size: 225.84229pt x 131.74399pt.

Package Fancyhdr Warning: \headheight is too small (12.0pt): 
 Make it at least 14.49998pt.
 We now make it that large for the rest of the document.
 This may cause the page layout to be inconsistent, however.

[21 <./conducting-human.pdf> <./conducting-human-screen.pdf>]

LaTeX Warning: Hyper reference `2.9:sec:Measure-resistance-by-comparison' on pa
ge 22 undefined on input line 940.

<ldr.pdf, id=735, 240.9pt x 115.43124pt>
File: ldr.pdf Graphic file (type pdf)
<use ldr.pdf>
Package pdftex.def Info: ldr.pdf  used on input line 964.
(pdftex.def)             Requested size: 225.84229pt x 108.21828pt.

Package Fancyhdr Warning: \headheight is too small (12.0pt): 
 Make it at least 14.49998pt.
 We now make it that large for the rest of the document.
 This may cause the page layout to be inconsistent, however.

[22 <./res-body.pdf> <./ldr.pdf

pdfTeX warning: pdflatex (file ./ldr.pdf): PDF inclusion: multiple pdfs with pa
ge group included in a single page
>]
<lemon-cell.pdf, id=758, 240.9pt x 172.645pt>
File: lemon-cell.pdf Graphic file (type pdf)
<use lemon-cell.pdf>
Package pdftex.def Info: lemon-cell.pdf  used on input line 998.
(pdftex.def)             Requested size: 225.84229pt x 161.8569pt.
<ac-generator.pdf, id=759, 240.9pt x 125.46875pt>
File: ac-generator.pdf Graphic file (type pdf)
<use ac-generator.pdf>
Package pdftex.def Info: ac-generator.pdf  used on input line 1034.
(pdftex.def)             Requested size: 225.84229pt x 117.62856pt.
<ac-gen-screen.pdf, id=760, 180.65593pt x 118.17952pt>
File: ac-gen-screen.pdf Graphic file (type pdf)
<use ac-gen-screen.pdf>
Package pdftex.def Info: ac-gen-screen.pdf  used on input line 1035.
(pdftex.def)             Requested size: 225.84229pt x 147.75108pt.

Overfull \hbox (0.9967pt too wide) in paragraph at lines 1034--1036
[] [] 
 []


Package Fancyhdr Warning: \headheight is too small (12.0pt): 
 Make it at least 14.49998pt.
 We now make it that large for the rest of the document.
 This may cause the page layout to be inconsistent, however.

[23 <./lemon-cell.pdf>]
<transformer.pdf, id=779, 240.9pt x 212.795pt>
File: transformer.pdf Graphic file (type pdf)
<use transformer.pdf>
Package pdftex.def Info: transformer.pdf  used on input line 1078.
(pdftex.def)             Requested size: 225.84229pt x 199.49805pt.
<transformer-screen.pdf, id=780, 180.65593pt x 118.17952pt>
File: transformer-screen.pdf Graphic file (type pdf)
<use transformer-screen.pdf>
Package pdftex.def Info: transformer-screen.pdf  used on input line 1079.
(pdftex.def)             Requested size: 225.84229pt x 147.75108pt.

Overfull \hbox (0.9967pt too wide) in paragraph at lines 1078--1080
[] [] 
 []


Package Fancyhdr Warning: \headheight is too small (12.0pt): 
 Make it at least 14.49998pt.
 We now make it that large for the rest of the document.
 This may cause the page layout to be inconsistent, however.

[24 <./ac-generator.pdf> <./ac-gen-screen.pdf> <./transformer.pdf

pdfTeX warning: pdflatex (file ./transformer.pdf): PDF inclusion: multiple pdfs
 with page group included in a single page
> <./transformer-screen.pdf>]
<res-water.pdf, id=804, 240.9pt x 124.465pt>
File: res-water.pdf Graphic file (type pdf)
<use res-water.pdf>
Package pdftex.def Info: res-water.pdf  used on input line 1130.
(pdftex.def)             Requested size: 225.84229pt x 116.68755pt.
<water-conduct.pdf, id=805, 180.65593pt x 118.93233pt>
File: water-conduct.pdf Graphic file (type pdf)
<use water-conduct.pdf>
Package pdftex.def Info: water-conduct.pdf  used on input line 1131.
(pdftex.def)             Requested size: 225.84229pt x 148.69225pt.

Overfull \hbox (0.9967pt too wide) in paragraph at lines 1130--1132
[] [] 
 []


LaTeX Warning: Hyper reference `2.14:sec:Measure-resistance-by-comparison' on p
age 25 undefined on input line 1143.


Package Fancyhdr Warning: \headheight is too small (12.0pt): 
 Make it at least 14.49998pt.
 We now make it that large for the rest of the document.
 This may cause the page layout to be inconsistent, however.

[25 <./res-water.pdf> <./water-conduct.pdf>]
<sound-generator.pdf, id=821, 240.9pt x 140.525pt>
File: sound-generator.pdf Graphic file (type pdf)
<use sound-generator.pdf>
Package pdftex.def Info: sound-generator.pdf  used on input line 1174.
(pdftex.def)             Requested size: 225.84229pt x 131.74399pt.
<sound-capture.pdf, id=822, 240.9pt x 80.3pt>
File: sound-capture.pdf Graphic file (type pdf)
<use sound-capture.pdf>
Package pdftex.def Info: sound-capture.pdf  used on input line 1202.
(pdftex.def)             Requested size: 225.84229pt x 75.28227pt.


Package Fancyhdr Warning: \headheight is too small (12.0pt): 
 Make it at least 14.49998pt.
 We now make it that large for the rest of the document.
 This may cause the page layout to be inconsistent, however.

[26 <./sound-generator.pdf>]

Package Fancyhdr Warning: \headheight is too small (12.0pt): 
 Make it at least 14.49998pt.
 We now make it that large for the rest of the document.
 This may cause the page layout to be inconsistent, however.

[27 <./sound-capture.pdf>]

Package Fancyhdr Warning: \headheight is too small (12.0pt): 
 Make it at least 14.49998pt.
 We now make it that large for the rest of the document.
 This may cause the page layout to be inconsistent, however.

[28

]
Chapitre 7.
<halfwave.pdf, id=854, 240.9pt x 154.5775pt>
File: halfwave.pdf Graphic file (type pdf)
<use halfwave.pdf>
Package pdftex.def Info: halfwave.pdf  used on input line 1242.
(pdftex.def)             Requested size: 225.84229pt x 144.91838pt.
File: halfwave.pdf Graphic file (type pdf)
<use halfwave.pdf>
Package pdftex.def Info: halfwave.pdf  used on input line 1243.
(pdftex.def)             Requested size: 225.84229pt x 144.91838pt.

Overfull \hbox (0.9967pt too wide) in paragraph at lines 1242--1244
[] [] 
 []

[29 <./halfwave.pdf>]
<fullwave.pdf, id=878, 240.9pt x 182.6825pt>
File: fullwave.pdf Graphic file (type pdf)
<use fullwave.pdf>
Package pdftex.def Info: fullwave.pdf  used on input line 1292.
(pdftex.def)             Requested size: 225.84229pt x 171.2672pt.
File: fullwave.pdf Graphic file (type pdf)
<use fullwave.pdf>
Package pdftex.def Info: fullwave.pdf  used on input line 1293.
(pdftex.def)             Requested size: 225.84229pt x 171.2672pt.

Overfull \hbox (0.9967pt too wide) in paragraph at lines 1292--1294
[] [] 
 []


Package Fancyhdr Warning: \headheight is too small (12.0pt): 
 Make it at least 14.49998pt.
 We now make it that large for the rest of the document.
 This may cause the page layout to be inconsistent, however.

[30 <./fullwave.pdf>]
<clipping.pdf, id=903, 240.9pt x 121.45375pt>
File: clipping.pdf Graphic file (type pdf)
<use clipping.pdf>
Package pdftex.def Info: clipping.pdf  used on input line 1327.
(pdftex.def)             Requested size: 225.84229pt x 113.86444pt.
File: clipping.pdf Graphic file (type pdf)
<use clipping.pdf>
Package pdftex.def Info: clipping.pdf  used on input line 1328.
(pdftex.def)             Requested size: 225.84229pt x 113.86444pt.

Overfull \hbox (0.9967pt too wide) in paragraph at lines 1327--1329
[] [] 
 []

<clamping.pdf, id=904, 240.9pt x 151.56625pt>
File: clamping.pdf Graphic file (type pdf)
<use clamping.pdf>
Package pdftex.def Info: clamping.pdf  used on input line 1353.
(pdftex.def)             Requested size: 225.84229pt x 142.0953pt.
File: clamping.pdf Graphic file (type pdf)
<use clamping.pdf>
Package pdftex.def Info: clamping.pdf  used on input line 1354.
(pdftex.def)             Requested size: 225.84229pt x 142.0953pt.

Overfull \hbox (0.9967pt too wide) in paragraph at lines 1353--1355
[] [] 
 []


Package Fancyhdr Warning: \headheight is too small (12.0pt): 
 Make it at least 14.49998pt.
 We now make it that large for the rest of the document.
 This may cause the page layout to be inconsistent, however.

[31 <./clipping.pdf> <./clamping.pdf

pdfTeX warning: pdflatex (file ./clamping.pdf): PDF inclusion: multiple pdfs wi
th page group included in a single page
>]
<osc555.pdf, id=935, 240.9pt x 177.66376pt>
File: osc555.pdf Graphic file (type pdf)
<use osc555.pdf>
Package pdftex.def Info: osc555.pdf  used on input line 1379.
(pdftex.def)             Requested size: 225.84229pt x 166.56206pt.
<ic555-screen.pdf, id=936, 180.65593pt x 124.20102pt>
File: ic555-screen.pdf Graphic file (type pdf)
<use ic555-screen.pdf>
Package pdftex.def Info: ic555-screen.pdf  used on input line 1380.
(pdftex.def)             Requested size: 225.84229pt x 155.2793pt.

Overfull \hbox (0.9967pt too wide) in paragraph at lines 1379--1381
[] [] 
 []

<opamp-inv.pdf, id=937, 240.9pt x 164.615pt>
File: opamp-inv.pdf Graphic file (type pdf)
<use opamp-inv.pdf>
Package pdftex.def Info: opamp-inv.pdf  used on input line 1414.
(pdftex.def)             Requested size: 225.84229pt x 154.32869pt.

Package Fancyhdr Warning: \headheight is too small (12.0pt): 
 Make it at least 14.49998pt.
 We now make it that large for the rest of the document.
 This may cause the page layout to be inconsistent, however.

[32 <./osc555.pdf> <./ic555-screen.pdf> <./opamp-inv.pdf

pdfTeX warning: pdflatex (file ./opamp-inv.pdf): PDF inclusion: multiple pdfs w
ith page group included in a single page
>]
<opamp-noninv.pdf, id=984, 240.9pt x 174.6525pt>
File: opamp-noninv.pdf Graphic file (type pdf)
<use opamp-noninv.pdf>
Package pdftex.def Info: opamp-noninv.pdf  used on input line 1448.
(pdftex.def)             Requested size: 225.84229pt x 163.73897pt.
<opamp-int.pdf, id=985, 240.9pt x 190.7125pt>
File: opamp-int.pdf Graphic file (type pdf)
<use opamp-int.pdf>
Package pdftex.def Info: opamp-int.pdf  used on input line 1481.
(pdftex.def)             Requested size: 225.84229pt x 178.79543pt.


Package Fancyhdr Warning: \headheight is too small (12.0pt): 
 Make it at least 14.49998pt.
 We now make it that large for the rest of the document.
 This may cause the page layout to be inconsistent, however.

[33 <./opamp-noninv.pdf>]
<logic-gates.pdf, id=1014, 240.9pt x 163.61125pt>
File: logic-gates.pdf Graphic file (type pdf)
<use logic-gates.pdf>
Package pdftex.def Info: logic-gates.pdf  used on input line 1517.
(pdftex.def)             Requested size: 225.84229pt x 153.38765pt.


Package Fancyhdr Warning: \headheight is too small (12.0pt): 
 Make it at least 14.49998pt.
 We now make it that large for the rest of the document.
 This may cause the page layout to be inconsistent, however.

[34 <./opamp-int.pdf> <./logic-gates.pdf

pdfTeX warning: pdflatex (file ./logic-gates.pdf): PDF inclusion: multiple pdfs
 with page group included in a single page
>]
<clock-divider.pdf, id=1056, 240.9pt x 207.77625pt>
File: clock-divider.pdf Graphic file (type pdf)
<use clock-divider.pdf>
Package pdftex.def Info: clock-divider.pdf  used on input line 1554.
(pdftex.def)             Requested size: 225.84229pt x 194.79291pt.
File: clock-divider.pdf Graphic file (type pdf)
<use clock-divider.pdf>
Package pdftex.def Info: clock-divider.pdf  used on input line 1586.
(pdftex.def)             Requested size: 225.84229pt x 194.79291pt.
<clock-divider2.pdf, id=1057, 180.65593pt x 118.17952pt>
File: clock-divider2.pdf Graphic file (type pdf)
<use clock-divider2.pdf>
Package pdftex.def Info: clock-divider2.pdf  used on input line 1586.
(pdftex.def)             Requested size: 225.84229pt x 147.75108pt.
File: clock-divider.pdf Graphic file (type pdf)
<use clock-divider.pdf>
Package pdftex.def Info: clock-divider.pdf  used on input line 1586.
(pdftex.def)             Requested size: 225.84229pt x 194.79291pt.
File: clock-divider2.pdf Graphic file (type pdf)
<use clock-divider2.pdf>
Package pdftex.def Info: clock-divider2.pdf  used on input line 1586.
(pdftex.def)             Requested size: 225.84229pt x 147.75108pt.

Overfull \hbox (13.80238pt too wide) in paragraph at lines 1586--1586
[] []| 
 []


Package Fancyhdr Warning: \headheight is too small (12.0pt): 
 Make it at least 14.49998pt.
 We now make it that large for the rest of the document.
 This may cause the page layout to be inconsistent, however.

[35 <./clock-divider.pdf>]
<diode_iv.pdf, id=1068, 240.9pt x 126.4725pt>
File: diode_iv.pdf Graphic file (type pdf)
<use diode_iv.pdf>
Package pdftex.def Info: diode_iv.pdf  used on input line 1600.
(pdftex.def)             Requested size: 225.84229pt x 118.5696pt.
<diode-iv-screen.pdf, id=1069, 213.79875pt x 180.675pt>
File: diode-iv-screen.pdf Graphic file (type pdf)
<use diode-iv-screen.pdf>
Package pdftex.def Info: diode-iv-screen.pdf  used on input line 1601.
(pdftex.def)             Requested size: 225.84229pt x 190.85292pt.

Overfull \hbox (0.9967pt too wide) in paragraph at lines 1600--1602
[] [] 
 []


Package Fancyhdr Warning: \headheight is too small (12.0pt): 
 Make it at least 14.49998pt.
 We now make it that large for the rest of the document.
 This may cause the page layout to be inconsistent, however.

[36 <./clock-divider2.pdf> <./diode_iv.pdf> <./diode-iv-screen.pdf>]
<transistor_out.pdf, id=1088, 240.9pt x 193.72375pt>
File: transistor_out.pdf Graphic file (type pdf)
<use transistor_out.pdf>
Package pdftex.def Info: transistor_out.pdf  used on input line 1650.
(pdftex.def)             Requested size: 225.84229pt x 181.61852pt.
<transistor-ce.pdf, id=1089, 180.65593pt x 133.23375pt>
File: transistor-ce.pdf Graphic file (type pdf)
<use transistor-ce.pdf>
Package pdftex.def Info: transistor-ce.pdf  used on input line 1651.
(pdftex.def)             Requested size: 225.84229pt x 166.57225pt.

Overfull \hbox (0.9967pt too wide) in paragraph at lines 1650--1652
[] [] 
 []


Package Fancyhdr Warning: \headheight is too small (12.0pt): 
 Make it at least 14.49998pt.
 We now make it that large for the rest of the document.
 This may cause the page layout to be inconsistent, however.

[37 <./transistor_out.pdf> <./transistor-ce.pdf>]
<opto-electric.pdf, id=1112, 240.9pt x 142.5325pt>
File: opto-electric.pdf Graphic file (type pdf)
<use opto-electric.pdf>
Package pdftex.def Info: opto-electric.pdf  used on input line 1686.
(pdftex.def)             Requested size: 225.84229pt x 133.62604pt.
<opto-electric-transmission.pdf, id=1113, 180.65593pt x 118.93233pt>
File: opto-electric-transmission.pdf Graphic file (type pdf)
<use opto-electric-transmission.pdf>
Package pdftex.def Info: opto-electric-transmission.pdf  used on input line 168
7.
(pdftex.def)             Requested size: 225.84229pt x 148.69225pt.

Overfull \hbox (0.9967pt too wide) in paragraph at lines 1686--1688
[] [] 
 []


Package Fancyhdr Warning: \headheight is too small (12.0pt): 
 Make it at least 14.49998pt.
 We now make it that large for the rest of the document.
 This may cause the page layout to be inconsistent, however.

[38 <./opto-electric.pdf> <./opto-electric-transmission.pdf>]
Chapitre 8.
<RCsteadystate.pdf, id=1128, 240.9pt x 125.46875pt>
File: RCsteadystate.pdf Graphic file (type pdf)
<use RCsteadystate.pdf>
Package pdftex.def Info: RCsteadystate.pdf  used on input line 1725.
(pdftex.def)             Requested size: 225.84229pt x 117.62856pt.
<RLsteadystate.pdf, id=1129, 240.9pt x 125.46875pt>
File: RLsteadystate.pdf Graphic file (type pdf)
<use RLsteadystate.pdf>
Package pdftex.def Info: RLsteadystate.pdf  used on input line 1726.
(pdftex.def)             Requested size: 225.84229pt x 117.62856pt.
<RLCsteadystate.pdf, id=1130, 240.9pt x 157.58875pt>
File: RLCsteadystate.pdf Graphic file (type pdf)
<use RLCsteadystate.pdf>
Package pdftex.def Info: RLCsteadystate.pdf  used on input line 1727.
(pdftex.def)             Requested size: 225.84229pt x 147.74147pt.

Overfull \hbox (0.9967pt too wide) in paragraph at lines 1725--1728
[] []
 []

[39

 <./RCsteadystate.pdf> <./RLsteadystate.pdf

pdfTeX warning: pdflatex (file ./RLsteadystate.pdf): PDF inclusion: multiple pd
fs with page group included in a single page
> <./RLCsteadystate.pdf

pdfTeX warning: pdflatex (file ./RLCsteadystate.pdf): PDF inclusion: multiple p
dfs with page group included in a single page
>]
<RCtransient.pdf, id=1151, 240.9pt x 135.50626pt>
File: RCtransient.pdf Graphic file (type pdf)
<use RCtransient.pdf>
Package pdftex.def Info: RCtransient.pdf  used on input line 1784.
(pdftex.def)             Requested size: 225.84229pt x 127.03885pt.
File: RCtransient.pdf Graphic file (type pdf)
<use RCtransient.pdf>
Package pdftex.def Info: RCtransient.pdf  used on input line 1785.
(pdftex.def)             Requested size: 225.84229pt x 127.03885pt.

Overfull \hbox (0.9967pt too wide) in paragraph at lines 1784--1786
[] [] 
 []


Package Fancyhdr Warning: \headheight is too small (12.0pt): 
 Make it at least 14.49998pt.
 We now make it that large for the rest of the document.
 This may cause the page layout to be inconsistent, however.

[40 <./RCtransient.pdf>]
<RLtransient.pdf, id=1162, 240.9pt x 157.58875pt>
File: RLtransient.pdf Graphic file (type pdf)
<use RLtransient.pdf>
Package pdftex.def Info: RLtransient.pdf  used on input line 1831.
(pdftex.def)             Requested size: 225.84229pt x 147.74147pt.
File: RLtransient.pdf Graphic file (type pdf)
<use RLtransient.pdf>
Package pdftex.def Info: RLtransient.pdf  used on input line 1832.
(pdftex.def)             Requested size: 225.84229pt x 147.74147pt.

Overfull \hbox (0.9967pt too wide) in paragraph at lines 1831--1833
[] [] 
 []


Package Fancyhdr Warning: \headheight is too small (12.0pt): 
 Make it at least 14.49998pt.
 We now make it that large for the rest of the document.
 This may cause the page layout to be inconsistent, however.

[41 <./RLtransient.pdf>]
<RLCtransient.pdf, id=1175, 240.9pt x 135.50626pt>
File: RLCtransient.pdf Graphic file (type pdf)
<use RLCtransient.pdf>
Package pdftex.def Info: RLCtransient.pdf  used on input line 1894.
(pdftex.def)             Requested size: 225.84229pt x 127.03885pt.
<RLC-curves.pdf, id=1176, 180.65593pt x 131.72813pt>
File: RLC-curves.pdf Graphic file (type pdf)
<use RLC-curves.pdf>
Package pdftex.def Info: RLC-curves.pdf  used on input line 1895.
(pdftex.def)             Requested size: 225.84229pt x 164.6899pt.

Overfull \hbox (0.9967pt too wide) in paragraph at lines 1894--1896
[] [] 
 []

<RCintegration.pdf, id=1177, 240.9pt x 125.46875pt>
File: RCintegration.pdf Graphic file (type pdf)
<use RCintegration.pdf>
Package pdftex.def Info: RCintegration.pdf  used on input line 1936.
(pdftex.def)             Requested size: 225.84229pt x 117.62856pt.
File: RCsteadystate.pdf Graphic file (type pdf)
<use RCsteadystate.pdf>
Package pdftex.def Info: RCsteadystate.pdf  used on input line 1937.
(pdftex.def)             Requested size: 225.84229pt x 117.62856pt.

Overfull \hbox (0.9967pt too wide) in paragraph at lines 1936--1938
[] [] 
 []


Package Fancyhdr Warning: \headheight is too small (12.0pt): 
 Make it at least 14.49998pt.
 We now make it that large for the rest of the document.
 This may cause the page layout to be inconsistent, however.

[42 <./RLCtransient.pdf> <./RLC-curves.pdf>]
File: RCintegration.pdf Graphic file (type pdf)
<use RCintegration.pdf>
Package pdftex.def Info: RCintegration.pdf  used on input line 1963.
(pdftex.def)             Requested size: 225.84229pt x 117.62856pt.
<RCdifferentiation.pdf, id=1194, 213.79875pt x 180.675pt>
File: RCdifferentiation.pdf Graphic file (type pdf)
<use RCdifferentiation.pdf>
Package pdftex.def Info: RCdifferentiation.pdf  used on input line 1964.
(pdftex.def)             Requested size: 225.84229pt x 190.85292pt.

Overfull \hbox (0.9967pt too wide) in paragraph at lines 1963--1965
[] [] 
 []


Package Fancyhdr Warning: \headheight is too small (12.0pt): 
 Make it at least 14.49998pt.
 We now make it that large for the rest of the document.
 This may cause the page layout to be inconsistent, however.

[43 <./RCintegration.pdf> <./RCdifferentiation.pdf>]
<sqwaveFFT.pdf, id=1211, 213.79875pt x 180.675pt>
File: sqwaveFFT.pdf Graphic file (type pdf)
<use sqwaveFFT.pdf>
Package pdftex.def Info: sqwaveFFT.pdf  used on input line 2007.
(pdftex.def)             Requested size: 225.84229pt x 190.85292pt.
<sinewaveFFT.pdf, id=1212, 213.79875pt x 180.675pt>
File: sinewaveFFT.pdf Graphic file (type pdf)
<use sinewaveFFT.pdf>
Package pdftex.def Info: sinewaveFFT.pdf  used on input line 2008.
(pdftex.def)             Requested size: 225.84229pt x 190.85292pt.

Overfull \hbox (0.9967pt too wide) in paragraph at lines 2007--2009
[] [] 
 []

<induction.pdf, id=1213, 240.9pt x 171.64125pt>
File: induction.pdf Graphic file (type pdf)
<use induction.pdf>
Package pdftex.def Info: induction.pdf  used on input line 2020.
(pdftex.def)             Requested size: 225.84229pt x 160.91586pt.
<induction-screen.pdf, id=1214, 165.60168pt x 135.49219pt>
File: induction-screen.pdf Graphic file (type pdf)
<use induction-screen.pdf>
Package pdftex.def Info: induction-screen.pdf  used on input line 2021.
(pdftex.def)             Requested size: 225.84229pt x 184.78792pt.

Overfull \hbox (0.9967pt too wide) in paragraph at lines 2020--2022
[] [] 
 []


Package Fancyhdr Warning: \headheight is too small (12.0pt): 
 Make it at least 14.49998pt.
 We now make it that large for the rest of the document.
 This may cause the page layout to be inconsistent, however.

[44 <./sqwaveFFT.pdf> <./sinewaveFFT.pdf> <./induction.pdf> <./induction-screen
.pdf>]

Package Fancyhdr Warning: \headheight is too small (12.0pt): 
 Make it at least 14.49998pt.
 We now make it that large for the rest of the document.
 This may cause the page layout to be inconsistent, however.

[45]

Package Fancyhdr Warning: \headheight is too small (12.0pt): 
 Make it at least 14.49998pt.
 We now make it that large for the rest of the document.
 This may cause the page layout to be inconsistent, however.

[46

]
Chapitre 9.
File: sound-capture.pdf Graphic file (type pdf)
<use sound-capture.pdf>
Package pdftex.def Info: sound-capture.pdf  used on input line 2062.
(pdftex.def)             Requested size: 225.84229pt x 75.28227pt.
<piezo-freq-resp.pdf, id=1245, 180.65593pt x 121.18976pt>
File: piezo-freq-resp.pdf Graphic file (type pdf)
<use piezo-freq-resp.pdf>
Package pdftex.def Info: piezo-freq-resp.pdf  used on input line 2063.
(pdftex.def)             Requested size: 225.84229pt x 151.51454pt.

Overfull \hbox (0.9967pt too wide) in paragraph at lines 2062--2064
[] [] 
 []

[47 <./piezo-freq-resp.pdf>]

LaTeX Warning: Hyper reference `5.2:fig:Sound-waves' on page 48 undefined on in
put line 2089.

<sound_waves.pdf, id=1254, 240.9pt x 127.47626pt>
File: sound_waves.pdf Graphic file (type pdf)
<use sound_waves.pdf>
Package pdftex.def Info: sound_waves.pdf  used on input line 2115.
(pdftex.def)             Requested size: 225.84229pt x 119.51064pt.
<sound-velocity.pdf, id=1255, 240.9pt x 105.39375pt>
File: sound-velocity.pdf Graphic file (type pdf)
<use sound-velocity.pdf>
Package pdftex.def Info: sound-velocity.pdf  used on input line 2115.
(pdftex.def)             Requested size: 225.84229pt x 98.80798pt.
File: sound_waves.pdf Graphic file (type pdf)
<use sound_waves.pdf>
Package pdftex.def Info: sound_waves.pdf  used on input line 2115.
(pdftex.def)             Requested size: 225.84229pt x 119.51064pt.
File: sound-velocity.pdf Graphic file (type pdf)
<use sound-velocity.pdf>
Package pdftex.def Info: sound-velocity.pdf  used on input line 2115.
(pdftex.def)             Requested size: 225.84229pt x 98.80798pt.

Overfull \hbox (13.79149pt too wide) in paragraph at lines 2115--2115
[] []| 
 []


LaTeX Warning: Hyper reference `5.2:sec:Resonance-frequency-of' on page 48 unde
fined on input line 2123.


Package Fancyhdr Warning: \headheight is too small (12.0pt): 
 Make it at least 14.49998pt.
 We now make it that large for the rest of the document.
 This may cause the page layout to be inconsistent, however.

[48 <./sound_waves.pdf> <./sound-velocity.pdf>]
<sound-beats.pdf, id=1272, 240.9pt x 84.315pt>
File: sound-beats.pdf Graphic file (type pdf)
<use sound-beats.pdf>
Package pdftex.def Info: sound-beats.pdf  used on input line 2157.
(pdftex.def)             Requested size: 225.84229pt x 79.04639pt.


Package Fancyhdr Warning: \headheight is too small (12.0pt): 
 Make it at least 14.49998pt.
 We now make it that large for the rest of the document.
 This may cause the page layout to be inconsistent, however.

[49 <./sound-beats.pdf>]

Package Fancyhdr Warning: \headheight is too small (12.0pt): 
 Make it at least 14.49998pt.
 We now make it that large for the rest of the document.
 This may cause the page layout to be inconsistent, however.

[50

]
Chapitre 10.
<rod-pendulum.pdf, id=1288, 240.9pt x 142.5325pt>
File: rod-pendulum.pdf Graphic file (type pdf)
<use rod-pendulum.pdf>
Package pdftex.def Info: rod-pendulum.pdf  used on input line 2204.
(pdftex.def)             Requested size: 225.84229pt x 133.62604pt.
<light-barrier-photo.pdf, id=1289, 240.9pt x 157.58875pt>
File: light-barrier-photo.pdf Graphic file (type pdf)
<use light-barrier-photo.pdf>
Package pdftex.def Info: light-barrier-photo.pdf  used on input line 2205.
(pdftex.def)             Requested size: 225.84229pt x 147.74147pt.

Overfull \hbox (0.9967pt too wide) in paragraph at lines 2204--2206
[] [] 
 []

[51 <./rod-pendulum.pdf> <./light-barrier-photo.pdf>]
<pendulum-screen.pdf, id=1306, 176.14005pt x 135.49219pt>
File: pendulum-screen.pdf Graphic file (type pdf)
<use pendulum-screen.pdf>
Package pdftex.def Info: pendulum-screen.pdf  used on input line 2239.
(pdftex.def)             Requested size: 225.84229pt x 173.73744pt.
<driven-pendulum.pdf, id=1307, 240.9pt x 103.38625pt>
File: driven-pendulum.pdf Graphic file (type pdf)
<use driven-pendulum.pdf>
Package pdftex.def Info: driven-pendulum.pdf  used on input line 2276.
(pdftex.def)             Requested size: 225.84229pt x 96.92593pt.
<resonance-pendulum.pdf, id=1308, 213.79875pt x 180.675pt>
File: resonance-pendulum.pdf Graphic file (type pdf)
<use resonance-pendulum.pdf>
Package pdftex.def Info: resonance-pendulum.pdf  used on input line 2277.
(pdftex.def)             Requested size: 225.84229pt x 190.85292pt.

Overfull \hbox (0.9967pt too wide) in paragraph at lines 2276--2278
[] [] 
 []


Package Fancyhdr Warning: \headheight is too small (12.0pt): 
 Make it at least 14.49998pt.
 We now make it that large for the rest of the document.
 This may cause the page layout to be inconsistent, however.

[52 <./pendulum-screen.pdf>]
<sr04-dist.pdf, id=1317, 240.9pt x 145.54375pt>
File: sr04-dist.pdf Graphic file (type pdf)
<use sr04-dist.pdf>
Package pdftex.def Info: sr04-dist.pdf  used on input line 2319.
(pdftex.def)             Requested size: 225.84229pt x 136.44913pt.


Package Fancyhdr Warning: \headheight is too small (12.0pt): 
 Make it at least 14.49998pt.
 We now make it that large for the rest of the document.
 This may cause the page layout to be inconsistent, however.

[53 <./driven-pendulum.pdf> <./resonance-pendulum.pdf>]
<pt100.pdf, id=1332, 240.9pt x 209.78375pt>
File: pt100.pdf Graphic file (type pdf)
<use pt100.pdf>
Package pdftex.def Info: pt100.pdf  used on input line 2351.
(pdftex.def)             Requested size: 225.84229pt x 196.67496pt.
<pt100-screen.pdf, id=1333, 173.1288pt x 135.49219pt>
File: pt100-screen.pdf Graphic file (type pdf)
<use pt100-screen.pdf>
Package pdftex.def Info: pt100-screen.pdf  used on input line 2352.
(pdftex.def)             Requested size: 225.84229pt x 176.74763pt.

Overfull \hbox (0.9967pt too wide) in paragraph at lines 2351--2353
[] [] 
 []


Package Fancyhdr Warning: \headheight is too small (12.0pt): 
 Make it at least 14.49998pt.
 We now make it that large for the rest of the document.
 This may cause the page layout to be inconsistent, however.

[54 <./sr04-dist.pdf> <./pt100.pdf

pdfTeX warning: pdflatex (file ./pt100.pdf): PDF inclusion: multiple pdfs with 
page group included in a single page
> <./pt100-screen.pdf>]

Package Fancyhdr Warning: \headheight is too small (12.0pt): 
 Make it at least 14.49998pt.
 We now make it that large for the rest of the document.
 This may cause the page layout to be inconsistent, however.

[55]

Package Fancyhdr Warning: \headheight is too small (12.0pt): 
 Make it at least 14.49998pt.
 We now make it that large for the rest of the document.
 This may cause the page layout to be inconsistent, however.

[56

]
Chapitre 11.
LaTeX Font Info:    Font shape `T1/pcr/bx/n' in size <10.95> not available
(Font)              Font shape `T1/pcr/b/n' tried instead on input line 2412.
[57]

Package Fancyhdr Warning: \headheight is too small (12.0pt): 
 Make it at least 14.49998pt.
 We now make it that large for the rest of the document.
 This may cause the page layout to be inconsistent, however.

[58]

Package Fancyhdr Warning: \headheight is too small (12.0pt): 
 Make it at least 14.49998pt.
 We now make it that large for the rest of the document.
 This may cause the page layout to be inconsistent, however.

[59]
LaTeX Font Info:    Font shape `T1/pcr/m/it' in size <10.95> not available
(Font)              Font shape `T1/pcr/m/sl' tried instead on input line 2590.


Package Fancyhdr Warning: \headheight is too small (12.0pt): 
 Make it at least 14.49998pt.
 We now make it that large for the rest of the document.
 This may cause the page layout to be inconsistent, however.

[60]
Underfull \hbox (badness 10000) in paragraph at lines 2669--2669
|[][]\T1/phv/b/n/17.28 capture1(entree, nbE-chan-tillons, in-ter-val-le-
 []


Package Fancyhdr Warning: \headheight is too small (12.0pt): 
 Make it at least 14.49998pt.
 We now make it that large for the rest of the document.
 This may cause the page layout to be inconsistent, however.

[61]
<sine.pdf, id=1392, 213.79875pt x 180.675pt>
File: sine.pdf Graphic file (type pdf)
<use sine.pdf>
Package pdftex.def Info: sine.pdf  used on input line 2700.
(pdftex.def)             Requested size: 301.12305pt x 254.48985pt.


Package Fancyhdr Warning: \headheight is too small (12.0pt): 
 Make it at least 14.49998pt.
 We now make it that large for the rest of the document.
 This may cause the page layout to be inconsistent, however.

[62 <./sine.pdf>]
File: halfwave.pdf Graphic file (type pdf)
<use halfwave.pdf>
Package pdftex.def Info: halfwave.pdf  used on input line 2725.
(pdftex.def)             Requested size: 301.12305pt x 193.23788pt.
<capture4.pdf, id=1401, 213.79875pt x 180.675pt>
File: capture4.pdf Graphic file (type pdf)
<use capture4.pdf>
Package pdftex.def Info: capture4.pdf  used on input line 2726.
(pdftex.def)             Requested size: 301.12305pt x 254.48985pt.

Underfull \hbox (badness 10000) in paragraph at lines 2725--2727
[]
 []


Package Fancyhdr Warning: \headheight is too small (12.0pt): 
 Make it at least 14.49998pt.
 We now make it that large for the rest of the document.
 This may cause the page layout to be inconsistent, however.

[63 <./capture4.pdf>]
LaTeX Font Info:    Font shape `TS1/pcr/m/it' in size <10.95> not available
(Font)              Font shape `TS1/pcr/m/sl' tried instead on input line 2765.



Package Fancyhdr Warning: \headheight is too small (12.0pt): 
 Make it at least 14.49998pt.
 We now make it that large for the rest of the document.
 This may cause the page layout to be inconsistent, however.

[64]
<loadEquation.pdf, id=1415, 213.79875pt x 180.675pt>
File: loadEquation.pdf Graphic file (type pdf)
<use loadEquation.pdf>
Package pdftex.def Info: loadEquation.pdf  used on input line 2791.
(pdftex.def)             Requested size: 301.12305pt x 254.48985pt.
<loadTable.pdf, id=1416, 213.79875pt x 180.675pt>
File: loadTable.pdf Graphic file (type pdf)
<use loadTable.pdf>
Package pdftex.def Info: loadTable.pdf  used on input line 2792.
(pdftex.def)             Requested size: 301.12305pt x 254.48985pt.

Underfull \hbox (badness 10000) in paragraph at lines 2791--2793
[]
 []


Package Fancyhdr Warning: \headheight is too small (12.0pt): 
 Make it at least 14.49998pt.
 We now make it that large for the rest of the document.
 This may cause the page layout to be inconsistent, however.

[65 <./loadEquation.pdf> <./loadTable.pdf>] (./eyes17.ind)
Package atveryend Info: Empty hook `BeforeClearDocument' on input line 2819.


Package Fancyhdr Warning: \headheight is too small (12.0pt): 
 Make it at least 14.49998pt.
 We now make it that large for the rest of the document.
 This may cause the page layout to be inconsistent, however.

[66]
Package atveryend Info: Empty hook `AfterLastShipout' on input line 2819.
 (./eyes17.aux)
Package atveryend Info: Executing hook `AtVeryEndDocument' on input line 2819.
Package atveryend Info: Executing hook `AtEndAfterFileList' on input line 2819.

Package rerunfilecheck Info: File `eyes17.out' has not changed.
(rerunfilecheck)             Checksum: 8A231DEC1F576B163D2C1671B262B24A;18198.


LaTeX Warning: There were undefined references.

Package atveryend Info: Empty hook `AtVeryVeryEnd' on input line 2819.
 ) 
Here is how much of TeX's memory you used:
 15577 strings out of 492648
 224777 string characters out of 6132024
 329588 words of memory out of 5000000
 18857 multiletter control sequences out of 15000+600000
 53830 words of font info for 86 fonts, out of 8000000 for 9000
 1142 hyphenation exceptions out of 8191
 38i,18n,60p,425b,657s stack positions out of 5000i,500n,10000p,200000b,80000s
{/usr/share/texlive/texmf-dist/fonts/enc/dvips/base/8r.enc}</usr/share/texliv
e/texmf-dist/fonts/type1/public/amsfonts/cm/cmex10.pfb></usr/share/texlive/texm
f-dist/fonts/type1/public/amsfonts/cm/cmmi12.pfb></usr/share/texlive/texmf-dist
/fonts/type1/public/amsfonts/cm/cmmi8.pfb></usr/share/texlive/texmf-dist/fonts/
type1/public/amsfonts/cm/cmr12.pfb></usr/share/texlive/texmf-dist/fonts/type1/p
ublic/amsfonts/cm/cmr6.pfb></usr/share/texlive/texmf-dist/fonts/type1/public/am
sfonts/cm/cmr8.pfb></usr/share/texlive/texmf-dist/fonts/type1/public/amsfonts/c
m/cmsy10.pfb></usr/share/texlive/texmf-dist/fonts/type1/public/amsfonts/cm/cmsy
8.pfb></usr/share/texmf/fonts/type1/public/tex-gyre/qhvr.pfb></usr/share/texmf/
fonts/type1/public/tex-gyre/qtmr.pfb></usr/share/texlive/texmf-dist/fonts/type1
/urw/courier/ucrb8a.pfb></usr/share/texlive/texmf-dist/fonts/type1/urw/courier/
ucrr8a.pfb></usr/share/texlive/texmf-dist/fonts/type1/urw/courier/ucrro8a.pfb><
/usr/share/texlive/texmf-dist/fonts/type1/urw/helvetic/uhvb8a.pfb></usr/share/t
exlive/texmf-dist/fonts/type1/urw/helvetic/uhvbo8a.pfb></usr/share/texlive/texm
f-dist/fonts/type1/urw/helvetic/uhvr8a.pfb></usr/share/texlive/texmf-dist/fonts
/type1/urw/times/utmb8a.pfb></usr/share/texlive/texmf-dist/fonts/type1/urw/time
s/utmr8a.pfb></usr/share/texlive/texmf-dist/fonts/type1/urw/times/utmri8a.pfb>
Output written on eyes17.pdf (72 pages, 1668702 bytes).
PDF statistics:
 1531 PDF objects out of 1728 (max. 8388607)
 1215 compressed objects within 13 object streams
 179 named destinations out of 1000 (max. 500000)
 1137 words of extra memory for PDF output out of 10000 (max. 10000000)

