
sine-att85:     file format elf32-avr


Disassembly of section .text:

00000000 <__vectors>:
   0:	0e c0       	rjmp	.+28     	; 0x1e <__ctors_end>
   2:	28 c0       	rjmp	.+80     	; 0x54 <__bad_interrupt>
   4:	28 c0       	rjmp	.+80     	; 0x56 <__vector_2>
   6:	26 c0       	rjmp	.+76     	; 0x54 <__bad_interrupt>
   8:	25 c0       	rjmp	.+74     	; 0x54 <__bad_interrupt>
   a:	24 c0       	rjmp	.+72     	; 0x54 <__bad_interrupt>
   c:	23 c0       	rjmp	.+70     	; 0x54 <__bad_interrupt>
   e:	22 c0       	rjmp	.+68     	; 0x54 <__bad_interrupt>
  10:	21 c0       	rjmp	.+66     	; 0x54 <__bad_interrupt>
  12:	20 c0       	rjmp	.+64     	; 0x54 <__bad_interrupt>
  14:	1f c0       	rjmp	.+62     	; 0x54 <__bad_interrupt>
  16:	1e c0       	rjmp	.+60     	; 0x54 <__bad_interrupt>
  18:	1d c0       	rjmp	.+58     	; 0x54 <__bad_interrupt>
  1a:	1c c0       	rjmp	.+56     	; 0x54 <__bad_interrupt>
  1c:	1b c0       	rjmp	.+54     	; 0x54 <__bad_interrupt>

0000001e <__ctors_end>:
  1e:	11 24       	eor	r1, r1
  20:	1f be       	out	0x3f, r1	; 63
  22:	cf e5       	ldi	r28, 0x5F	; 95
  24:	d2 e0       	ldi	r29, 0x02	; 2
  26:	de bf       	out	0x3e, r29	; 62
  28:	cd bf       	out	0x3d, r28	; 61

0000002a <__do_copy_data>:
  2a:	10 e0       	ldi	r17, 0x00	; 0
  2c:	a0 e6       	ldi	r26, 0x60	; 96
  2e:	b0 e0       	ldi	r27, 0x00	; 0
  30:	ea eb       	ldi	r30, 0xBA	; 186
  32:	f0 e0       	ldi	r31, 0x00	; 0
  34:	02 c0       	rjmp	.+4      	; 0x3a <__CCP__+0x6>
  36:	05 90       	lpm	r0, Z+
  38:	0d 92       	st	X+, r0
  3a:	a0 3c       	cpi	r26, 0xC0	; 192
  3c:	b1 07       	cpc	r27, r17
  3e:	d9 f7       	brne	.-10     	; 0x36 <__CCP__+0x2>

00000040 <__do_clear_bss>:
  40:	10 e0       	ldi	r17, 0x00	; 0
  42:	a0 ec       	ldi	r26, 0xC0	; 192
  44:	b0 e0       	ldi	r27, 0x00	; 0
  46:	01 c0       	rjmp	.+2      	; 0x4a <.do_clear_bss_start>

00000048 <.do_clear_bss_loop>:
  48:	1d 92       	st	X+, r1

0000004a <.do_clear_bss_start>:
  4a:	a1 3c       	cpi	r26, 0xC1	; 193
  4c:	b1 07       	cpc	r27, r17
  4e:	e1 f7       	brne	.-8      	; 0x48 <.do_clear_bss_loop>
  50:	21 d0       	rcall	.+66     	; 0x94 <main>
  52:	31 c0       	rjmp	.+98     	; 0xb6 <_exit>

00000054 <__bad_interrupt>:
  54:	d5 cf       	rjmp	.-86     	; 0x0 <__vectors>

00000056 <__vector_2>:
  56:	1f 92       	push	r1
  58:	0f 92       	push	r0
  5a:	0f b6       	in	r0, 0x3f	; 63
  5c:	0f 92       	push	r0
  5e:	11 24       	eor	r1, r1
  60:	8f 93       	push	r24
  62:	9f 93       	push	r25
  64:	ef 93       	push	r30
  66:	ff 93       	push	r31
  68:	80 91 c0 00 	lds	r24, 0x00C0
  6c:	e8 2f       	mov	r30, r24
  6e:	f0 e0       	ldi	r31, 0x00	; 0
  70:	ef 71       	andi	r30, 0x1F	; 31
  72:	f0 70       	andi	r31, 0x00	; 0
  74:	e0 56       	subi	r30, 0x60	; 96
  76:	ff 4f       	sbci	r31, 0xFF	; 255
  78:	90 81       	ld	r25, Z
  7a:	9b bd       	out	0x2b, r25	; 43
  7c:	8f 5f       	subi	r24, 0xFF	; 255
  7e:	80 93 c0 00 	sts	0x00C0, r24
  82:	ff 91       	pop	r31
  84:	ef 91       	pop	r30
  86:	9f 91       	pop	r25
  88:	8f 91       	pop	r24
  8a:	0f 90       	pop	r0
  8c:	0f be       	out	0x3f, r0	; 63
  8e:	0f 90       	pop	r0
  90:	1f 90       	pop	r1
  92:	18 95       	reti

00000094 <main>:
  94:	bc 9a       	sbi	0x17, 4	; 23
  96:	84 e0       	ldi	r24, 0x04	; 4
  98:	87 bd       	out	0x27, r24	; 39
  9a:	80 e8       	ldi	r24, 0x80	; 128
  9c:	8d bd       	out	0x2d, r24	; 45
  9e:	81 e0       	ldi	r24, 0x01	; 1
  a0:	80 bf       	out	0x30, r24	; 48
  a2:	80 e6       	ldi	r24, 0x60	; 96
  a4:	8c bd       	out	0x2c, r24	; 44
  a6:	86 e4       	ldi	r24, 0x46	; 70
  a8:	8b bd       	out	0x2b, r24	; 43
  aa:	8b b7       	in	r24, 0x3b	; 59
  ac:	80 62       	ori	r24, 0x20	; 32
  ae:	8b bf       	out	0x3b, r24	; 59
  b0:	ab 9a       	sbi	0x15, 3	; 21
  b2:	78 94       	sei
  b4:	ff cf       	rjmp	.-2      	; 0xb4 <main+0x20>

000000b6 <_exit>:
  b6:	f8 94       	cli

000000b8 <__stop_program>:
  b8:	ff cf       	rjmp	.-2      	; 0xb8 <__stop_program>
