\BOOKMARK [0][-]{chapter.1}{\376\377\000I\000n\000t\000r\000o\000d\000u\000c\000t\000i\000o\000n}{}% 1
\BOOKMARK [0][-]{chapter.2}{\376\377\000T\000h\000e\000\040\000e\000q\000u\000i\000p\000m\000e\000n\000t}{}% 2
\BOOKMARK [1][-]{section.2.1}{\376\377\000E\000x\000t\000e\000r\000n\000a\000l\000\040\000c\000o\000n\000n\000e\000c\000t\000i\000o\000n\000s}{chapter.2}% 3
\BOOKMARK [1][-]{section.2.2}{\376\377\0001\000.\0002\000.\0002\000\040\000A\000c\000c\000e\000s\000s\000o\000r\000y\000\040\000S\000e\000t}{chapter.2}% 4
\BOOKMARK [0][-]{chapter.3}{\376\377\000S\000o\000f\000t\000w\000a\000r\000e\000\040\000I\000n\000s\000t\000a\000l\000l\000a\000t\000i\000o\000n}{}% 5
\BOOKMARK [1][-]{section.3.1}{\376\377\000A\000n\000y\000\040\000G\000N\000U\000/\000L\000i\000n\000u\000x\000\040\000d\000i\000s\000t\000r\000i\000b\000u\000t\000i\000o\000n\000s}{chapter.3}% 6
\BOOKMARK [1][-]{section.3.2}{\376\377\000D\000e\000b\000i\000a\000n\000\040\000o\000r\000\040\000U\000b\000u\000n\000t\000u\000\040\000G\000N\000U\000/\000L\000i\000n\000u\000x\000\040\000d\000i\000s\000t\000r\000i\000b\000u\000t\000i\000o\000n\000s}{chapter.3}% 7
\BOOKMARK [1][-]{section.3.3}{\376\377\000T\000h\000e\000\040\000e\000x\000p\000E\000Y\000E\000S\000\040\000L\000i\000v\000e\000\040\000C\000D\000\040\000/\000\040\000U\000S\000B\000\040\000p\000e\000n\000d\000r\000i\000v\000e}{chapter.3}% 8
\BOOKMARK [1][-]{section.3.4}{\376\377\000O\000n\000\040\000M\000S\000W\000i\000n\000d\000o\000w\000s}{chapter.3}% 9
\BOOKMARK [0][-]{chapter.4}{\376\377\000T\000h\000e\000\040\000m\000a\000i\000n\000\040\000G\000U\000I\000\040\000p\000r\000o\000g\000r\000a\000m}{}% 10
\BOOKMARK [0][-]{chapter.5}{\376\377\000G\000e\000t\000t\000i\000n\000g\000\040\000F\000a\000m\000i\000l\000i\000a\000r\000\040\000w\000i\000t\000h\000\040\000E\000x\000p\000E\000Y\000E\000S\0001\0007}{}% 11
\BOOKMARK [0][-]{chapter.6}{\376\377\000S\000c\000h\000o\000o\000l\000\040\000L\000e\000v\000e\000l\000\040\000E\000x\000p\000e\000r\000i\000m\000e\000n\000t\000s}{}% 12
\BOOKMARK [1][-]{section.6.1}{\376\377\000M\000e\000a\000s\000u\000r\000i\000n\000g\000\040\000V\000o\000l\000t\000a\000g\000e}{chapter.6}% 13
\BOOKMARK [1][-]{section.6.2}{\376\377\000M\000e\000a\000s\000u\000r\000i\000n\000g\000\040\000R\000e\000s\000i\000s\000t\000a\000n\000c\000e}{chapter.6}% 14
\BOOKMARK [1][-]{section.6.3}{\376\377\000M\000e\000a\000s\000u\000r\000i\000n\000g\000\040\000R\000e\000s\000i\000s\000t\000a\000n\000c\000e\000\040\000s\000e\000r\000i\000e\000s\000\040\000c\000o\000m\000b\000i\000n\000a\000t\000i\000o\000n}{chapter.6}% 15
\BOOKMARK [1][-]{section.6.4}{\376\377\000M\000e\000a\000s\000u\000r\000i\000n\000g\000\040\000R\000e\000s\000i\000s\000t\000a\000n\000c\000e\000\040\000p\000a\000r\000a\000l\000l\000e\000l\000\040\000c\000o\000m\000b\000i\000n\000a\000t\000i\000o\000n}{chapter.6}% 16
\BOOKMARK [1][-]{section.6.5}{\376\377\000M\000e\000a\000s\000u\000r\000i\000n\000g\000\040\000C\000a\000p\000a\000c\000i\000t\000a\000n\000c\000e}{chapter.6}% 17
\BOOKMARK [1][-]{section.6.6}{\376\377\000M\000e\000a\000s\000u\000r\000i\000n\000g\000\040\000C\000a\000p\000a\000c\000i\000t\000a\000n\000c\000e\000\040\000i\000n\000\040\000s\000e\000r\000i\000e\000s\000\040\000c\000o\000m\000b\000i\000n\000a\000t\000i\000o\000n}{chapter.6}% 18
\BOOKMARK [1][-]{section.6.7}{\376\377\000M\000e\000a\000s\000u\000r\000i\000n\000g\000\040\000C\000a\000p\000a\000c\000i\000t\000a\000n\000c\000e\000\040\000o\000f\000\040\000a\000\040\000p\000a\000r\000a\000l\000l\000e\000l\000\040\000c\000o\000m\000b\000i\000n\000a\000t\000i\000o\000n}{chapter.6}% 19
\BOOKMARK [1][-]{section.6.8}{\376\377\000M\000e\000a\000s\000u\000r\000e\000\040\000r\000e\000s\000i\000s\000t\000a\000n\000c\000e\000\040\000b\000y\000\040\000c\000o\000m\000p\000a\000r\000i\000s\000o\000n}{chapter.6}% 20
\BOOKMARK [1][-]{section.6.9}{\376\377\000D\000i\000r\000e\000c\000t\000\040\000a\000n\000d\000\040\000A\000l\000t\000e\000r\000n\000a\000t\000i\000n\000g\000\040\000C\000u\000r\000r\000e\000n\000t\000s}{chapter.6}% 21
\BOOKMARK [1][-]{section.6.10}{\376\377\000A\000C\000\040\000m\000a\000i\000n\000s\000\040\000p\000i\000c\000k\000u\000p}{chapter.6}% 22
\BOOKMARK [1][-]{section.6.11}{\376\377\000S\000e\000p\000a\000r\000a\000t\000i\000n\000g\000\040\000D\000C\000\040\000\046\000\040\000A\000C\000\040\000c\000o\000m\000p\000o\000n\000e\000n\000t\000s}{chapter.6}% 23
\BOOKMARK [1][-]{section.6.12}{\376\377\000H\000u\000m\000a\000n\000\040\000b\000o\000d\000y\000\040\000a\000s\000\040\000a\000\040\000c\000o\000n\000d\000u\000c\000t\000o\000r}{chapter.6}% 24
\BOOKMARK [1][-]{section.6.13}{\376\377\000R\000e\000s\000i\000s\000t\000a\000n\000c\000e\000\040\000o\000f\000\040\000h\000u\000m\000a\000n\000\040\000b\000o\000d\000y}{chapter.6}% 25
\BOOKMARK [1][-]{section.6.14}{\376\377\000L\000i\000g\000h\000t\000\040\000d\000e\000p\000e\000n\000d\000e\000n\000t\000\040\000r\000e\000s\000i\000s\000t\000o\000r\000s}{chapter.6}% 26
\BOOKMARK [1][-]{section.6.15}{\376\377\000V\000o\000l\000t\000a\000g\000e\000\040\000o\000f\000\040\000a\000\040\000l\000e\000m\000o\000n\000\040\000c\000e\000l\000l}{chapter.6}% 27
\BOOKMARK [1][-]{section.6.16}{\376\377\000A\000\040\000s\000i\000m\000p\000l\000e\000\040\000A\000C\000\040\000g\000e\000n\000e\000r\000a\000t\000o\000r}{chapter.6}% 28
\BOOKMARK [1][-]{section.6.17}{\376\377\000A\000C\000\040\000T\000r\000a\000n\000s\000f\000o\000r\000m\000e\000r}{chapter.6}% 29
\BOOKMARK [1][-]{section.6.18}{\376\377\000R\000e\000s\000i\000s\000t\000a\000n\000c\000e\000\040\000o\000f\000\040\000w\000a\000t\000e\000r\000,\000\040\000u\000s\000i\000n\000g\000\040\000A\000C}{chapter.6}% 30
\BOOKMARK [1][-]{section.6.19}{\376\377\000G\000e\000n\000e\000r\000a\000t\000i\000n\000g\000\040\000s\000o\000u\000n\000d}{chapter.6}% 31
\BOOKMARK [1][-]{section.6.20}{\376\377\000D\000i\000g\000t\000i\000z\000i\000n\000g\000\040\000s\000o\000u\000n\000d}{chapter.6}% 32
\BOOKMARK [1][-]{section.6.21}{\376\377\000S\000t\000r\000o\000b\000o\000s\000c\000o\000p\000e}{chapter.6}% 33
\BOOKMARK [0][-]{chapter.7}{\376\377\000E\000l\000e\000c\000t\000r\000o\000n\000i\000c\000s}{}% 34
\BOOKMARK [1][-]{section.7.1}{\376\377\000F\000o\000u\000r\000-\000c\000h\000a\000n\000n\000e\000l\000\040\000o\000s\000c\000i\000l\000l\000o\000s\000c\000o\000p\000e\000,\000\040\000a\000n\000d\000\040\000m\000u\000c\000h\000\040\000m\000o\000r\000e}{chapter.7}% 35
\BOOKMARK [1][-]{section.7.2}{\376\377\000H\000a\000l\000f\000\040\000w\000a\000v\000e\000\040\000r\000e\000c\000t\000i\000f\000i\000e\000r\000\040\000u\000s\000i\000n\000g\000\040\000P\000N\000\040\000j\000u\000n\000c\000t\000i\000o\000n}{chapter.7}% 36
\BOOKMARK [1][-]{section.7.3}{\376\377\000F\000u\000l\000l\000w\000a\000v\000e\000\040\000r\000e\000c\000t\000i\000f\000i\000e\000r\000\040\000u\000s\000i\000n\000g\000\040\000P\000N\000\040\000j\000u\000n\000c\000t\000i\000o\000n\000s}{chapter.7}% 37
\BOOKMARK [1][-]{section.7.4}{\376\377\000C\000l\000i\000p\000p\000i\000n\000g\000\040\000u\000s\000i\000n\000g\000\040\000P\000N\000\040\000j\000u\000n\000c\000t\000i\000o\000n\000\040\000d\000i\000o\000d\000e}{chapter.7}% 38
\BOOKMARK [1][-]{section.7.5}{\376\377\000C\000l\000a\000m\000p\000i\000n\000g\000\040\000u\000s\000i\000n\000g\000\040\000P\000N\000\040\000j\000u\000n\000c\000t\000i\000o\000n\000\040\000d\000i\000o\000d\000e}{chapter.7}% 39
\BOOKMARK [1][-]{section.7.6}{\376\377\000I\000C\0005\0005\0005\000\040\000O\000s\000c\000i\000l\000l\000a\000t\000o\000r}{chapter.7}% 40
\BOOKMARK [1][-]{section.7.7}{\376\377\000I\000n\000v\000e\000r\000t\000i\000n\000g\000\040\000A\000m\000p\000l\000i\000f\000i\000e\000r}{chapter.7}% 41
\BOOKMARK [1][-]{section.7.8}{\376\377\000N\000o\000n\000-\000I\000n\000v\000e\000r\000t\000i\000n\000g\000\040\000A\000m\000p\000l\000i\000f\000i\000e\000r}{chapter.7}% 42
\BOOKMARK [1][-]{section.7.9}{\376\377\000O\000p\000-\000A\000m\000p\000\040\000I\000n\000g\000r\000a\000t\000o\000r}{chapter.7}% 43
\BOOKMARK [1][-]{section.7.10}{\376\377\000L\000o\000g\000i\000c\000\040\000g\000a\000t\000e\000s}{chapter.7}% 44
\BOOKMARK [1][-]{section.7.11}{\376\377\000C\000l\000o\000c\000k\000\040\000D\000i\000v\000i\000d\000e\000r}{chapter.7}% 45
\BOOKMARK [1][-]{section.7.12}{\376\377\000D\000i\000o\000d\000e\000\040\000I\000-\000V\000\040\000c\000h\000a\000r\000a\000c\000t\000e\000r\000i\000s\000t\000i\000c\000s}{chapter.7}% 46
\BOOKMARK [1][-]{section.7.13}{\376\377\000T\000r\000a\000n\000s\000i\000s\000t\000o\000r\000\040\000O\000u\000t\000p\000u\000t\000\040\000c\000h\000a\000r\000a\000c\000t\000e\000r\000i\000s\000t\000i\000c\000s\000\040\000\050\000C\000E\000\051}{chapter.7}% 47
\BOOKMARK [1][-]{section.7.14}{\376\377\000O\000p\000t\000o\000-\000e\000l\000e\000c\000t\000r\000i\000c\000\040\000s\000i\000g\000n\000a\000l\000\040\000t\000r\000a\000n\000s\000m\000i\000s\000s\000i\000o\000n}{chapter.7}% 48
\BOOKMARK [0][-]{chapter.8}{\376\377\000E\000l\000e\000c\000t\000r\000i\000c\000i\000t\000y\000\040\000a\000n\000d\000\040\000M\000a\000g\000n\000e\000t\000i\000s\000m}{}% 49
\BOOKMARK [1][-]{section.8.1}{\376\377\000P\000l\000o\000t\000\040\000I\000-\000V\000\040\000C\000u\000r\000v\000e}{chapter.8}% 50
\BOOKMARK [1][-]{section.8.2}{\376\377\000X\000Y\000\040\000p\000l\000o\000t\000t\000i\000n\000g}{chapter.8}% 51
\BOOKMARK [1][-]{section.8.3}{\376\377\000R\000L\000C\000\040\000c\000i\000r\000c\000u\000i\000t\000s\000,\000\040\000s\000t\000e\000a\000d\000y\000\040\000s\000t\000a\000t\000e\000\040\000r\000e\000s\000p\000o\000n\000s\000e}{chapter.8}% 52
\BOOKMARK [1][-]{section.8.4}{\376\377\000T\000r\000a\000n\000s\000i\000e\000n\000t\000\040\000R\000e\000s\000p\000o\000n\000s\000e\000\040\000o\000f\000\040\000R\000C\000\040\000c\000i\000r\000c\000u\000i\000t\000s}{chapter.8}% 53
\BOOKMARK [1][-]{section.8.5}{\376\377\000T\000r\000a\000n\000s\000i\000e\000n\000t\000\040\000R\000e\000s\000p\000o\000n\000s\000e\000\040\000o\000f\000\040\000R\000L\000\040\000c\000i\000r\000c\000u\000i\000t\000s}{chapter.8}% 54
\BOOKMARK [1][-]{section.8.6}{\376\377\000R\000C\000\040\000I\000n\000t\000e\000g\000r\000a\000t\000i\000o\000n\000\040\000\046\000\040\000D\000i\000f\000f\000e\000r\000e\000n\000t\000i\000a\000t\000i\000o\000n}{chapter.8}% 55
\BOOKMARK [1][-]{section.8.7}{\376\377\000F\000o\000u\000r\000i\000e\000r\000\040\000A\000n\000a\000l\000y\000s\000i\000s}{chapter.8}% 56
\BOOKMARK [1][-]{section.8.8}{\376\377\000E\000l\000e\000c\000t\000r\000o\000m\000a\000g\000n\000e\000t\000i\000c\000\040\000i\000n\000d\000u\000c\000t\000i\000o\000n}{chapter.8}% 57
\BOOKMARK [0][-]{chapter.9}{\376\377\000S\000o\000u\000n\000d}{}% 58
\BOOKMARK [1][-]{section.9.1}{\376\377\000F\000r\000e\000q\000u\000e\000n\000c\000y\000\040\000r\000e\000s\000p\000o\000n\000s\000e\000\040\000o\000f\000\040\000P\000i\000e\000z\000o}{chapter.9}% 59
\BOOKMARK [1][-]{section.9.2}{\376\377\000V\000e\000l\000o\000c\000i\000t\000y\000\040\000o\000f\000\040\000s\000o\000u\000n\000d}{chapter.9}% 60
\BOOKMARK [1][-]{section.9.3}{\376\377\000S\000o\000u\000n\000d\000\040\000b\000e\000a\000t\000s}{chapter.9}% 61
\BOOKMARK [0][-]{chapter.10}{\376\377\000M\000e\000c\000h\000a\000n\000i\000c\000s}{}% 62
\BOOKMARK [1][-]{section.10.1}{\376\377\000A\000c\000c\000e\000l\000e\000r\000a\000t\000i\000o\000n\000\040\000d\000u\000e\000\040\000t\000o\000\040\000g\000r\000a\000v\000i\000t\000y\000\040\000u\000s\000i\000n\000g\000\040\000R\000o\000d\000\040\000p\000e\000n\000d\000u\000l\000u\000m}{chapter.10}% 63
\BOOKMARK [1][-]{section.10.2}{\376\377\000A\000n\000g\000u\000l\000a\000r\000\040\000V\000e\000l\000o\000c\000i\000t\000y\000\040\000o\000f\000\040\000P\000e\000n\000d\000u\000l\000u\000m}{chapter.10}% 64
\BOOKMARK [1][-]{section.10.3}{\376\377\000R\000e\000s\000o\000n\000a\000n\000c\000e\000\040\000o\000f\000\040\000a\000\040\000d\000r\000i\000v\000e\000n\000\040\000p\000e\000n\000d\000u\000l\000u\000m}{chapter.10}% 65
\BOOKMARK [1][-]{section.10.4}{\376\377\000D\000i\000s\000t\000a\000n\000c\000e\000\040\000M\000e\000a\000s\000u\000r\000e\000m\000e\000n\000t\000,\000\040\000b\000y\000\040\000u\000l\000t\000r\000a\000s\000o\000u\000n\000d\000\040\000e\000c\000h\000o}{chapter.10}% 66
\BOOKMARK [0][-]{chapter.11}{\376\377\000O\000t\000h\000e\000r\000\040\000e\000x\000p\000e\000r\000i\000m\000e\000n\000t\000s}{}% 67
\BOOKMARK [1][-]{section.11.1}{\376\377\000T\000e\000m\000p\000e\000r\000a\000t\000u\000r\000e\000\040\000m\000e\000a\000s\000u\000r\000e\000m\000e\000n\000t\000\040\000u\000s\000i\000n\000g\000\040\000P\000T\0001\0000\0000}{chapter.11}% 68
\BOOKMARK [1][-]{section.11.2}{\376\377\000D\000a\000t\000a\000\040\000L\000o\000g\000g\000e\000r}{chapter.11}% 69
\BOOKMARK [1][-]{section.11.3}{\376\377\000A\000d\000a\000n\000c\000e\000d\000\040\000D\000a\000t\000a\000\040\000L\000o\000g\000g\000e\000r}{chapter.11}% 70
\BOOKMARK [0][-]{chapter.12}{\376\377\000I\0002\000C\000\040\000M\000o\000d\000u\000l\000e\000s}{}% 71
\BOOKMARK [1][-]{section.12.1}{\376\377\000B\000-\000H\000\040\000C\000u\000r\000v\000e}{chapter.12}% 72
\BOOKMARK [1][-]{section.12.2}{\376\377\000L\000i\000g\000h\000t\000\040\000S\000e\000n\000s\000o\000r\000\040\000L\000o\000g\000g\000e\000r}{chapter.12}% 73
\BOOKMARK [1][-]{section.12.3}{\376\377\000M\000P\000U\0006\0000\0005\0000}{chapter.12}% 74
\BOOKMARK [1][-]{section.12.4}{\376\377\000I\0002\000C\000\040\000L\000o\000g\000g\000e\000r}{chapter.12}% 75
\BOOKMARK [0][-]{chapter.13}{\376\377\000C\000o\000d\000i\000n\000g\000\040\000e\000x\000p\000E\000Y\000E\000S\000-\0001\0007\000\040\000i\000n\000\040\000P\000y\000t\000h\000o\000n}{}% 76
\BOOKMARK [1][-]{section.13.1}{\376\377\000E\000s\000t\000a\000b\000l\000i\000s\000h\000\040\000C\000o\000n\000n\000e\000c\000t\000i\000o\000n}{chapter.13}% 77
\BOOKMARK [1][-]{section.13.2}{\376\377\000s\000e\000t\000\137\000p\000v\0001\000\050\000v\000\051\000,\000\040\000s\000e\000t\000\137\000p\000v\0002\000\050\000v\000\051}{chapter.13}% 78
\BOOKMARK [1][-]{section.13.3}{\376\377\000g\000e\000t\000\137\000v\000o\000l\000t\000a\000g\000e\000\050\000i\000n\000p\000u\000t\000\051}{chapter.13}% 79
\BOOKMARK [1][-]{section.13.4}{\376\377\000g\000e\000t\000\137\000v\000o\000l\000t\000a\000g\000e\000\137\000t\000i\000m\000e\000\050\000i\000n\000p\000u\000t\000\051}{chapter.13}% 80
\BOOKMARK [1][-]{section.13.5}{\376\377\000g\000e\000t\000\137\000r\000e\000s\000i\000s\000t\000a\000n\000c\000e\000\050\000\051}{chapter.13}% 81
\BOOKMARK [1][-]{section.13.6}{\376\377\000g\000e\000t\000\137\000c\000a\000p\000a\000c\000i\000t\000a\000n\000c\000e\000\050\000\051}{chapter.13}% 82
\BOOKMARK [1][-]{section.13.7}{\376\377\000g\000e\000t\000\137\000v\000e\000r\000s\000i\000o\000n\000\050\000\051}{chapter.13}% 83
\BOOKMARK [1][-]{section.13.8}{\376\377\000g\000e\000t\000\137\000t\000e\000m\000p\000e\000r\000a\000t\000u\000r\000e\000\050\000\051}{chapter.13}% 84
\BOOKMARK [1][-]{section.13.9}{\376\377\000s\000e\000t\000\137\000s\000t\000a\000t\000e\000\050\000O\000U\000P\000U\000T\000=\000v\000a\000l\000u\000e\000\051}{chapter.13}% 85
\BOOKMARK [1][-]{section.13.10}{\376\377\000s\000e\000t\000\137\000s\000i\000n\000e\000\050\000f\000r\000e\000q\000u\000e\000n\000c\000y\000\051}{chapter.13}% 86
\BOOKMARK [1][-]{section.13.11}{\376\377\000s\000e\000t\000\137\000s\000i\000n\000e\000\137\000a\000m\000p\000\050\000a\000m\000p\000l\000i\000t\000u\000d\000e\000\051}{chapter.13}% 87
\BOOKMARK [1][-]{section.13.12}{\376\377\000s\000e\000t\000\137\000s\000q\000r\0001\000\050\000f\000r\000e\000q\000u\000e\000n\000c\000y\000\051}{chapter.13}% 88
\BOOKMARK [1][-]{section.13.13}{\376\377\000s\000e\000t\000\137\000s\000q\000r\0001\000\137\000s\000l\000o\000w\000\050\000f\000r\000e\000q\000u\000e\000n\000c\000y\000\051}{chapter.13}% 89
\BOOKMARK [1][-]{section.13.14}{\376\377\000s\000e\000t\000\137\000s\000q\000r\0002\000\050\000f\000r\000e\000q\000u\000e\000n\000c\000y\000\051}{chapter.13}% 90
\BOOKMARK [1][-]{section.13.15}{\376\377\000s\000e\000t\000\137\000s\000q\000r\0001\000\050\000f\000r\000e\000q\000u\000e\000n\000c\000y\000,\000\040\000d\000u\000t\000y\000C\000y\000l\000e\000\051}{chapter.13}% 91
\BOOKMARK [1][-]{section.13.16}{\376\377\000g\000e\000t\000\137\000f\000r\000e\000q\000\050\000i\000n\000p\000u\000t\000\051}{chapter.13}% 92
\BOOKMARK [1][-]{section.13.17}{\376\377\000d\000u\000t\000y\000\137\000c\000y\000c\000l\000e\000\050\000i\000n\000p\000u\000t\000\051}{chapter.13}% 93
\BOOKMARK [1][-]{section.13.18}{\376\377\000r\0002\000f\000t\000i\000m\000e\000\050\000i\000n\000p\000u\000t\0001\000,\000\040\000i\000n\000p\000u\000t\0002\000\051}{chapter.13}% 94
\BOOKMARK [1][-]{section.13.19}{\376\377\000m\000u\000l\000t\000i\000\137\000r\0002\000r\000t\000i\000m\000e\000\050\000i\000n\000p\000u\000t\000,\000\040\000n\000u\000m\000C\000y\000c\000l\000e\000s\000\051}{chapter.13}% 95
\BOOKMARK [1][-]{section.13.20}{\376\377\000s\000e\000l\000e\000c\000t\000\137\000r\000a\000n\000g\000e\000\050\000c\000h\000a\000n\000n\000e\000l\000,\000\040\000r\000a\000n\000g\000e\000\051}{chapter.13}% 96
\BOOKMARK [1][-]{section.13.21}{\376\377\000s\000e\000l\000e\000c\000t\000\137\000r\000a\000n\000g\000e\000\050\000c\000h\000a\000n\000n\000e\000l\000,\000\040\000r\000a\000n\000g\000e\000\051}{chapter.13}% 97
\BOOKMARK [1][-]{section.13.22}{\376\377\000c\000a\000p\000t\000u\000r\000e\0001\000\050\000I\000n\000p\000u\000t\000,\000\040\000N\000u\000m\000b\000e\000r\000\040\000o\000f\000\040\000s\000a\000m\000p\000l\000e\000s\000,\000\040\000t\000i\000m\000e\000\040\000i\000n\000t\000e\000r\000v\000a\000l\000\051}{chapter.13}% 98
\BOOKMARK [1][-]{section.13.23}{\376\377\000c\000a\000p\000t\000u\000r\000e\0002\000\050\000N\000u\000m\000b\000e\000r\000\040\000o\000f\000\040\000s\000a\000m\000p\000l\000e\000s\000,\000\040\000t\000i\000m\000e\000\040\000i\000n\000t\000e\000r\000v\000a\000l\000\051}{chapter.13}% 99
\BOOKMARK [1][-]{section.13.24}{\376\377\000c\000a\000p\000t\000u\000r\000e\0004\000\050\000N\000u\000m\000b\000e\000r\000\040\000o\000f\000\040\000s\000a\000m\000p\000l\000e\000s\000,\000\040\000t\000i\000m\000e\000\040\000i\000n\000t\000e\000r\000v\000a\000l\000\051}{chapter.13}% 100
\BOOKMARK [1][-]{section.13.25}{\376\377\000s\000e\000t\000\137\000w\000a\000v\000e\000\050\000f\000r\000e\000q\000u\000e\000n\000c\000y\000,\000\040\000w\000a\000v\000e\000t\000y\000p\000e\000\051}{chapter.13}% 101
\BOOKMARK [1][-]{section.13.26}{\376\377\000l\000o\000a\000d\000\137\000e\000q\000u\000a\000t\000i\000o\000n\000\050\000f\000u\000n\000c\000t\000i\000o\000n\000,\000\040\000s\000p\000a\000n\000\051}{chapter.13}% 102
\BOOKMARK [1][-]{section.13.27}{\376\377\000l\000o\000a\000d\000\137\000t\000a\000b\000l\000e\000\050\000f\000u\000n\000c\000t\000i\000o\000n\000,\000\040\000s\000p\000a\000n\000\051}{chapter.13}% 103
